/ece/synopsys/syn/R-2020.09-SP4/auxx/gui/dv/dv_setup.tcl
/ece/synopsys/syn/R-2020.09-SP4/auxx/gui/syn/snpsSynProcs.tcl
/ece/synopsys/syn/R-2020.09-SP4/auxx/gui/syn/layout/pkgIndex.tcl
/ece/synopsys/syn/R-2020.09-SP4/auxx/gui/common/3dic/pkgIndex.tcl
/ece/synopsys/syn/R-2020.09-SP4/auxx/gui/common/WindowFrameWork/pkgIndex.tcl
/ece/synopsys/syn/R-2020.09-SP4/auxx/gui/common/acg/pkgIndex.tcl
/ece/synopsys/syn/R-2020.09-SP4/auxx/gui/common/commandform/pkgIndex.tcl
/ece/synopsys/syn/R-2020.09-SP4/auxx/gui/common/dialogs/pkgIndex.tcl
/ece/synopsys/syn/R-2020.09-SP4/auxx/gui/common/docBrowser/pkgIndex.tcl
/ece/synopsys/syn/R-2020.09-SP4/auxx/gui/common/hierAttrView/pkgIndex.tcl
/ece/synopsys/syn/R-2020.09-SP4/auxx/gui/common/hierarchy/pkgIndex.tcl
/ece/synopsys/syn/R-2020.09-SP4/auxx/gui/common/highlight/pkgIndex.tcl
/ece/synopsys/syn/R-2020.09-SP4/auxx/gui/common/histogram/pkgIndex.tcl
/ece/synopsys/syn/R-2020.09-SP4/auxx/gui/common/layout/pkgIndex.tcl
/ece/synopsys/syn/R-2020.09-SP4/auxx/gui/common/libviewer/pkgIndex.tcl
/ece/synopsys/syn/R-2020.09-SP4/auxx/gui/common/menus/pkgIndex.tcl
/ece/synopsys/syn/R-2020.09-SP4/auxx/gui/common/misc/pkgIndex.tcl
/ece/synopsys/syn/R-2020.09-SP4/auxx/gui/common/mrupalette/pkgIndex.tcl
/ece/synopsys/syn/R-2020.09-SP4/auxx/gui/common/opdlg/pkgIndex.tcl
/ece/synopsys/syn/R-2020.09-SP4/auxx/gui/common/palettegroup/pkgIndex.tcl
/ece/synopsys/syn/R-2020.09-SP4/auxx/gui/common/qtcl/pkgIndex.tcl
/ece/synopsys/syn/R-2020.09-SP4/auxx/gui/common/regressionToolkit/pkgIndex.tcl
/ece/synopsys/syn/R-2020.09-SP4/auxx/gui/common/rtlxref/pkgIndex.tcl
/ece/synopsys/syn/R-2020.09-SP4/auxx/gui/common/schematic/pkgIndex.tcl
/ece/synopsys/syn/R-2020.09-SP4/auxx/gui/common/select/pkgIndex.tcl
/ece/synopsys/syn/R-2020.09-SP4/auxx/gui/common/setup/pkgIndex.tcl
/ece/synopsys/syn/R-2020.09-SP4/auxx/gui/common/strokes/pkgIndex.tcl
/ece/synopsys/syn/R-2020.09-SP4/auxx/gui/common/table/pkgIndex.tcl
/ece/synopsys/syn/R-2020.09-SP4/auxx/gui/common/tcl-dp/pkgIndex.tcl
/ece/synopsys/syn/R-2020.09-SP4/auxx/gui/common/tiledview/pkgIndex.tcl
/ece/synopsys/syn/R-2020.09-SP4/auxx/gui/common/timing/pkgIndex.tcl
/ece/synopsys/syn/R-2020.09-SP4/auxx/gui/common/tq/pkgIndex.tcl
/ece/synopsys/syn/R-2020.09-SP4/auxx/gui/common/utable/pkgIndex.tcl
/ece/synopsys/syn/R-2020.09-SP4/auxx/gui/common/view/pkgIndex.tcl
/ece/synopsys/syn/R-2020.09-SP4/auxx/gui/dv/pkgIndex.tcl
/ece/synopsys/syn/R-2020.09-SP4/auxx/syn/lib/pkgIndex.tcl
/ece/synopsys/syn/R-2020.09-SP4/auxx/tcllib/lib/iwidgets4.1/pkgIndex.tcl
/ece/synopsys/syn/R-2020.09-SP4/auxx/tcllib/snps_tcl/snpsTclPro/pkgIndex.tcl
/ece/synopsys/syn/R-2020.09-SP4/auxx/tcllib/snps_tcl/snpsTest/pkgIndex.tcl
/ece/synopsys/syn/R-2020.09-SP4/auxx/tcllib/snps_tcl/snpsUtils/pkgIndex.tcl
/ece/synopsys/syn/R-2020.09-SP4/auxx/tcllib/snps_tcl/pkgIndex.tcl
/ece/synopsys/syn/R-2020.09-SP4/auxx/tcllib/lib/tcl8.6/dde/pkgIndex.tcl
/ece/synopsys/syn/R-2020.09-SP4/auxx/tcllib/lib/tcl8.6/http/pkgIndex.tcl
/ece/synopsys/syn/R-2020.09-SP4/auxx/tcllib/lib/tcl8.6/http1.0/pkgIndex.tcl
/ece/synopsys/syn/R-2020.09-SP4/auxx/tcllib/lib/tcl8.6/msgcat/pkgIndex.tcl
/ece/synopsys/syn/R-2020.09-SP4/auxx/tcllib/lib/tcl8.6/opt/pkgIndex.tcl
/ece/synopsys/syn/R-2020.09-SP4/auxx/tcllib/lib/tcl8.6/platform/pkgIndex.tcl
/ece/synopsys/syn/R-2020.09-SP4/auxx/tcllib/lib/tcl8.6/reg/pkgIndex.tcl
/ece/synopsys/syn/R-2020.09-SP4/auxx/tcllib/lib/tcl8.6/tcltest/pkgIndex.tcl
/ece/synopsys/syn/R-2020.09-SP4/auxx/gui/common/setup/snpsCommonSetup.tcl
/ece/synopsys/syn/R-2020.09-SP4/auxx/gui/common/setup/snpsCustomize.tcl
/ece/synopsys/syn/R-2020.09-SP4/auxx/gui/common/setup/snpsProcheck.tcl
/ece/synopsys/syn/R-2020.09-SP4/auxx/gui/common/misc/base.tcl
/ece/synopsys/syn/R-2020.09-SP4/auxx/gui/common/misc/timing.tcl
/ece/synopsys/syn/R-2020.09-SP4/auxx/gui/common/misc/setting.tcl
/ece/synopsys/syn/R-2020.09-SP4/auxx/gui/common/misc/preset.tcl
/ece/synopsys/syn/R-2020.09-SP4/auxx/gui/common/WindowFrameWork/windowFrameWork.tcl
/ece/synopsys/syn/R-2020.09-SP4/auxx/gui/common/WindowFrameWork/skipBusyCursorCmdList.tcl
/ece/synopsys/syn/R-2020.09-SP4/auxx/gui/common/qtcl/.synopsys_qtcl.tcl
/ece/synopsys/syn/R-2020.09-SP4/auxx/gui/common/highlight/highlight.tcl
/ece/synopsys/syn/R-2020.09-SP4/auxx/gui/common/palettegroup/palettegroup.tcl
/ece/synopsys/syn/R-2020.09-SP4/auxx/gui/common/commandform/commandform.tcl
/ece/synopsys/syn/R-2020.09-SP4/auxx/gui/common/tiledview/tiledview.tcl
/ece/synopsys/syn/R-2020.09-SP4/auxx/gui/common/docBrowser/docBrowser.tcl
/ece/synopsys/syn/R-2020.09-SP4/auxx/tcllib/snps_tcl/snpsUtils/snpsUtils.tcl
/ece/synopsys/syn/R-2020.09-SP4/auxx/gui/common/dialogs/ObjectChooser.tcl
/ece/synopsys/syn/R-2020.09-SP4/auxx/gui/common/misc/DialogObjectChooser.tcl
/ece/synopsys/syn/R-2020.09-SP4/auxx/gui/common/dialogs/HistBinInformation.tcl
/ece/synopsys/syn/R-2020.09-SP4/auxx/gui/common/dialogs/HistBin1Information.tcl
/ece/synopsys/syn/R-2020.09-SP4/auxx/gui/common/dialogs/BinsOnlyInformation.tcl
/ece/synopsys/syn/R-2020.09-SP4/auxx/gui/common/dialogs/FileChooser.tcl
/ece/synopsys/syn/R-2020.09-SP4/auxx/gui/common/dialogs/PathPinSimpleInfo.tcl
/ece/synopsys/syn/R-2020.09-SP4/auxx/gui/common/dialogs/PathsBasicInfo.tcl
/ece/synopsys/syn/R-2020.09-SP4/auxx/gui/common/dialogs/PathsBasicSimpleInfo.tcl
/ece/synopsys/syn/R-2020.09-SP4/auxx/gui/common/dialogs/SlctOperationInfo.tcl
/ece/synopsys/syn/R-2020.09-SP4/auxx/gui/common/dialogs/ObjectListInfo.tcl
/ece/synopsys/syn/R-2020.09-SP4/auxx/gui/common/dialogs/FanInOutInfo.tcl
/ece/synopsys/syn/R-2020.09-SP4/auxx/gui/common/dialogs/NumberOfLevelsChooser.tcl
/ece/synopsys/syn/R-2020.09-SP4/auxx/gui/common/dialogs/WindowReuseInfo.tcl
/ece/synopsys/syn/R-2020.09-SP4/auxx/gui/common/dialogs/ReportOutputOptionInfo.tcl
/ece/synopsys/syn/R-2020.09-SP4/auxx/gui/common/setup/snpsCollections.tcl
/ece/synopsys/syn/R-2020.09-SP4/auxx/gui/common/dialogs/CompileLinkDesign.tcl
/ece/synopsys/syn/R-2020.09-SP4/auxx/gui/common/histogram/base.tcl
/ece/synopsys/syn/R-2020.09-SP4/auxx/gui/common/histogram/DialogNetCapacitance.tcl
/ece/synopsys/syn/R-2020.09-SP4/auxx/gui/common/schematic/DialogPathSchematicFanInOut.tcl
/ece/synopsys/syn/R-2020.09-SP4/auxx/gui/common/schematic/DialogPathSchematicAddPaths.tcl
/fs/student/nturtayeva/R2FFT/design/build/ucsb_r2fft_design_0.1/asic-design_compiler/ucsb_r2fft_design_0.1.tcl
/fs/student/nturtayeva/R2FFT/design/dc/design.tcl
/fs/student/nturtayeva/R2FFT/design/build/ucsb_r2fft_design_0.1/asic-design_compiler/ucsb_r2fft_design_0.1-read-sources.tcl
/fs/student/nturtayeva/R2FFT/hdl/bfp_bitWidthAcc.sv
/fs/student/nturtayeva/R2FFT/design/NangateOpenCellLibrary.db
/fs/student/nturtayeva/R2FFT/hdl/bfp_bitWidthDetector.sv
/fs/student/nturtayeva/R2FFT/hdl/bfp_maxBitWidth.sv
/fs/student/nturtayeva/R2FFT/hdl/bfp_Shifter.sv
/fs/student/nturtayeva/R2FFT/hdl/bitReverseCounter.sv
/fs/student/nturtayeva/R2FFT/hdl/butterflyCore.sv
/fs/student/nturtayeva/R2FFT/hdl/butterflyUnit.sv
/fs/student/nturtayeva/R2FFT/hdl/fftAddressGenerator.sv
/fs/student/nturtayeva/R2FFT/hdl/R2FFT.sv
/fs/student/nturtayeva/R2FFT/hdl/radix2Butterfly.sv
/fs/student/nturtayeva/R2FFT/hdl/ramPipelineBridge.sv
/fs/student/nturtayeva/R2FFT/hdl/readBusMux.sv
/fs/student/nturtayeva/R2FFT/hdl/writeBusMux.sv
/fs/student/nturtayeva/R2FFT/hdl/r2fft_top.sv
/ece/synopsys/syn/R-2020.09-SP4/libraries/syn/gtech.db
/ece/synopsys/syn/R-2020.09-SP4/libraries/syn/standard.sldb
/ece/synopsys/syn/R-2020.09-SP4/libraries/syn/dw_foundation.sldb
/fs/student/nturtayeva/R2FFT/design/NangateOpenCellLibrary.db
/fs/student/nturtayeva/R2FFT/design/build/ucsb_r2fft_design_0.1/asic-design_compiler/alib-52/NangateOpenCellLibrary.db.alib
/fs/student/nturtayeva/R2FFT/design/build/ucsb_r2fft_design_0.1/asic-design_compiler/alib-52/alib_analyze_libs.tcl.e
/fs/student/nturtayeva/R2FFT/design/NangateOpenCellLibrary.db
/fs/student/nturtayeva/R2FFT/design/build/ucsb_r2fft_design_0.1/asic-design_compiler/alib-52/NangateOpenCellLibrary.db.alib
/fs/student/nturtayeva/R2FFT/design/NangateOpenCellLibrary.db
