 
****************************************
Report : constraint
        -all_violators
Design : r2fft_top
Version: R-2020.09-SP4
Date   : Thu Jan  2 14:46:36 2025
****************************************


   min_delay/hold ('clk' group)

                             Required        Actual
   Endpoint                 Path Delay     Path Delay        Slack
   -----------------------------------------------------------------
   uR2FFT/ubutterflyUnit/ubutterflyCore/inputStagePipeline/mem0Addr_reg[0]/D
                                0.25           0.09 f        -0.16  (VIOLATED)
   uR2FFT/ubutterflyUnit/ubutterflyCore/inputStagePipeline/mem0Addr_reg[1]/D
                                0.25           0.09 f        -0.16  (VIOLATED)
   uR2FFT/ubutterflyUnit/ubutterflyCore/inputStagePipeline/mem0Addr_reg[2]/D
                                0.25           0.09 f        -0.16  (VIOLATED)
   uR2FFT/ubutterflyUnit/ubutterflyCore/inputStagePipeline/mem0Addr_reg[3]/D
                                0.25           0.09 f        -0.16  (VIOLATED)
   uR2FFT/ubutterflyUnit/ubutterflyCore/inputStagePipeline/mem0Addr_reg[4]/D
                                0.25           0.09 f        -0.16  (VIOLATED)
   uR2FFT/ubutterflyUnit/ubutterflyCore/inputStagePipeline/mem0Addr_reg[5]/D
                                0.25           0.09 f        -0.16  (VIOLATED)
   uR2FFT/ubutterflyUnit/ubutterflyCore/inputStagePipeline/mem0Addr_reg[6]/D
                                0.25           0.09 f        -0.16  (VIOLATED)
   uR2FFT/ubutterflyUnit/ubutterflyCore/inputStagePipeline/mem0Addr_reg[7]/D
                                0.25           0.09 f        -0.16  (VIOLATED)
   uR2FFT/ubutterflyUnit/ubutterflyCore/inputStagePipeline/mem0Addr_reg[8]/D
                                0.25           0.09 f        -0.16  (VIOLATED)
   uR2FFT/ubutterflyUnit/ubutterflyCore/inputStagePipeline/memPipeAddr_reg[0]/D
                                0.25           0.09 f        -0.16  (VIOLATED)
   uR2FFT/ubutterflyUnit/ubutterflyCore/inputStagePipeline/memPipeAddr_reg[1]/D
                                0.25           0.09 f        -0.16  (VIOLATED)
   uR2FFT/ubutterflyUnit/ubutterflyCore/inputStagePipeline/memPipeAddr_reg[2]/D
                                0.25           0.09 f        -0.16  (VIOLATED)
   uR2FFT/ubutterflyUnit/ubutterflyCore/inputStagePipeline/memPipeAddr_reg[3]/D
                                0.25           0.09 f        -0.16  (VIOLATED)
   uR2FFT/ubutterflyUnit/ubutterflyCore/inputStagePipeline/memPipeAddr_reg[4]/D
                                0.25           0.09 f        -0.16  (VIOLATED)
   uR2FFT/ubutterflyUnit/ubutterflyCore/inputStagePipeline/memPipeAddr_reg[5]/D
                                0.25           0.09 f        -0.16  (VIOLATED)
   uR2FFT/ubutterflyUnit/ubutterflyCore/inputStagePipeline/memPipeAddr_reg[6]/D
                                0.25           0.09 f        -0.16  (VIOLATED)
   uR2FFT/ubutterflyUnit/ubutterflyCore/inputStagePipeline/memPipeAddr_reg[7]/D
                                0.25           0.09 f        -0.16  (VIOLATED)
   uR2FFT/ubutterflyUnit/ubutterflyCore/inputStagePipeline/memPipeAddr_reg[8]/D
                                0.25           0.09 f        -0.16  (VIOLATED)
   uR2FFT/ubutterflyUnit/ubutterflyCore/inputStagePipeline/od0Data_reg[0]/D
                                0.25           0.09 f        -0.16  (VIOLATED)
   uR2FFT/ubutterflyUnit/ubutterflyCore/inputStagePipeline/od0Data_reg[1]/D
                                0.25           0.09 f        -0.16  (VIOLATED)
   uR2FFT/ubutterflyUnit/ubutterflyCore/inputStagePipeline/od0Data_reg[2]/D
                                0.25           0.09 f        -0.16  (VIOLATED)
   uR2FFT/ubutterflyUnit/ubutterflyCore/inputStagePipeline/od0Data_reg[3]/D
                                0.25           0.09 f        -0.16  (VIOLATED)
   uR2FFT/ubutterflyUnit/ubutterflyCore/inputStagePipeline/od0Data_reg[4]/D
                                0.25           0.09 f        -0.16  (VIOLATED)
   uR2FFT/ubutterflyUnit/ubutterflyCore/inputStagePipeline/od0Data_reg[5]/D
                                0.25           0.09 f        -0.16  (VIOLATED)
   uR2FFT/ubutterflyUnit/ubutterflyCore/inputStagePipeline/od0Data_reg[6]/D
                                0.25           0.09 f        -0.16  (VIOLATED)
   uR2FFT/ubutterflyUnit/ubutterflyCore/inputStagePipeline/od0Data_reg[7]/D
                                0.25           0.09 f        -0.16  (VIOLATED)
   uR2FFT/ubutterflyUnit/ubutterflyCore/inputStagePipeline/od0Data_reg[8]/D
                                0.25           0.09 f        -0.16  (VIOLATED)
   uR2FFT/ubutterflyUnit/ubutterflyCore/inputStagePipeline/od0Data_reg[9]/D
                                0.25           0.09 f        -0.16  (VIOLATED)
   uR2FFT/ubutterflyUnit/ubutterflyCore/inputStagePipeline/od0Data_reg[10]/D
                                0.25           0.09 f        -0.16  (VIOLATED)
   uR2FFT/ubutterflyUnit/ubutterflyCore/inputStagePipeline/od0Data_reg[11]/D
                                0.25           0.09 f        -0.16  (VIOLATED)
   uR2FFT/ubutterflyUnit/ubutterflyCore/inputStagePipeline/od0Data_reg[12]/D
                                0.25           0.09 f        -0.16  (VIOLATED)
   uR2FFT/ubutterflyUnit/ubutterflyCore/inputStagePipeline/od0Data_reg[13]/D
                                0.25           0.09 f        -0.16  (VIOLATED)
   uR2FFT/ubutterflyUnit/ubutterflyCore/inputStagePipeline/od0Data_reg[14]/D
                                0.25           0.09 f        -0.16  (VIOLATED)
   uR2FFT/ubutterflyUnit/ubutterflyCore/inputStagePipeline/od0Data_reg[15]/D
                                0.25           0.09 f        -0.16  (VIOLATED)
   uR2FFT/ubutterflyUnit/ubutterflyCore/inputStagePipeline/od0Data_reg[16]/D
                                0.25           0.09 f        -0.16  (VIOLATED)
   uR2FFT/ubutterflyUnit/ubutterflyCore/inputStagePipeline/od0Data_reg[17]/D
                                0.25           0.09 f        -0.16  (VIOLATED)
   uR2FFT/ubutterflyUnit/ubutterflyCore/inputStagePipeline/od0Data_reg[18]/D
                                0.25           0.09 f        -0.16  (VIOLATED)
   uR2FFT/ubutterflyUnit/ubutterflyCore/inputStagePipeline/od0Data_reg[19]/D
                                0.25           0.09 f        -0.16  (VIOLATED)
   uR2FFT/ubutterflyUnit/ubutterflyCore/inputStagePipeline/od0Data_reg[20]/D
                                0.25           0.09 f        -0.16  (VIOLATED)
   uR2FFT/ubutterflyUnit/ubutterflyCore/inputStagePipeline/od0Data_reg[21]/D
                                0.25           0.09 f        -0.16  (VIOLATED)
   uR2FFT/ubutterflyUnit/ubutterflyCore/inputStagePipeline/od0Data_reg[22]/D
                                0.25           0.09 f        -0.16  (VIOLATED)
   uR2FFT/ubutterflyUnit/ubutterflyCore/inputStagePipeline/od0Data_reg[23]/D
                                0.25           0.09 f        -0.16  (VIOLATED)
   uR2FFT/ubutterflyUnit/ubutterflyCore/inputStagePipeline/od0Data_reg[24]/D
                                0.25           0.09 f        -0.16  (VIOLATED)
   uR2FFT/ubutterflyUnit/ubutterflyCore/inputStagePipeline/od0Data_reg[25]/D
                                0.25           0.09 f        -0.16  (VIOLATED)
   uR2FFT/ubutterflyUnit/ubutterflyCore/inputStagePipeline/od0Data_reg[26]/D
                                0.25           0.09 f        -0.16  (VIOLATED)
   uR2FFT/ubutterflyUnit/ubutterflyCore/inputStagePipeline/od0Data_reg[27]/D
                                0.25           0.09 f        -0.16  (VIOLATED)
   uR2FFT/ubutterflyUnit/ubutterflyCore/inputStagePipeline/od0Data_reg[28]/D
                                0.25           0.09 f        -0.16  (VIOLATED)
   uR2FFT/ubutterflyUnit/ubutterflyCore/inputStagePipeline/od0Data_reg[29]/D
                                0.25           0.09 f        -0.16  (VIOLATED)
   uR2FFT/ubutterflyUnit/ubutterflyCore/inputStagePipeline/od0Data_reg[30]/D
                                0.25           0.09 f        -0.16  (VIOLATED)
   uR2FFT/ubutterflyUnit/ubutterflyCore/inputStagePipeline/od0Data_reg[31]/D
                                0.25           0.09 f        -0.16  (VIOLATED)
   uR2FFT/ubutterflyUnit/ubutterflyCore/outputStagePipeline/evenPipeData_reg[0]/D
                                0.25           0.09 f        -0.16  (VIOLATED)
   uR2FFT/ubutterflyUnit/ubutterflyCore/outputStagePipeline/evenPipeData_reg[1]/D
                                0.25           0.09 f        -0.16  (VIOLATED)
   uR2FFT/ubutterflyUnit/ubutterflyCore/outputStagePipeline/evenPipeData_reg[2]/D
                                0.25           0.09 f        -0.16  (VIOLATED)
   uR2FFT/ubutterflyUnit/ubutterflyCore/outputStagePipeline/evenPipeData_reg[3]/D
                                0.25           0.09 f        -0.16  (VIOLATED)
   uR2FFT/ubutterflyUnit/ubutterflyCore/outputStagePipeline/evenPipeData_reg[4]/D
                                0.25           0.09 f        -0.16  (VIOLATED)
   uR2FFT/ubutterflyUnit/ubutterflyCore/outputStagePipeline/evenPipeData_reg[5]/D
                                0.25           0.09 f        -0.16  (VIOLATED)
   uR2FFT/ubutterflyUnit/ubutterflyCore/outputStagePipeline/evenPipeData_reg[6]/D
                                0.25           0.09 f        -0.16  (VIOLATED)
   uR2FFT/ubutterflyUnit/ubutterflyCore/outputStagePipeline/evenPipeData_reg[7]/D
                                0.25           0.09 f        -0.16  (VIOLATED)
   uR2FFT/ubutterflyUnit/ubutterflyCore/outputStagePipeline/evenPipeData_reg[8]/D
                                0.25           0.09 f        -0.16  (VIOLATED)
   uR2FFT/ubutterflyUnit/ubutterflyCore/outputStagePipeline/evenPipeData_reg[9]/D
                                0.25           0.09 f        -0.16  (VIOLATED)
   uR2FFT/ubutterflyUnit/ubutterflyCore/outputStagePipeline/evenPipeData_reg[10]/D
                                0.25           0.09 f        -0.16  (VIOLATED)
   uR2FFT/ubutterflyUnit/ubutterflyCore/outputStagePipeline/evenPipeData_reg[11]/D
                                0.25           0.09 f        -0.16  (VIOLATED)
   uR2FFT/ubutterflyUnit/ubutterflyCore/outputStagePipeline/evenPipeData_reg[12]/D
                                0.25           0.09 f        -0.16  (VIOLATED)
   uR2FFT/ubutterflyUnit/ubutterflyCore/outputStagePipeline/evenPipeData_reg[13]/D
                                0.25           0.09 f        -0.16  (VIOLATED)
   uR2FFT/ubutterflyUnit/ubutterflyCore/outputStagePipeline/evenPipeData_reg[14]/D
                                0.25           0.09 f        -0.16  (VIOLATED)
   uR2FFT/ubutterflyUnit/ubutterflyCore/outputStagePipeline/evenPipeData_reg[15]/D
                                0.25           0.09 f        -0.16  (VIOLATED)
   uR2FFT/ubutterflyUnit/ubutterflyCore/outputStagePipeline/evenPipeData_reg[16]/D
                                0.25           0.09 f        -0.16  (VIOLATED)
   uR2FFT/ubutterflyUnit/ubutterflyCore/outputStagePipeline/evenPipeData_reg[17]/D
                                0.25           0.09 f        -0.16  (VIOLATED)
   uR2FFT/ubutterflyUnit/ubutterflyCore/outputStagePipeline/evenPipeData_reg[18]/D
                                0.25           0.09 f        -0.16  (VIOLATED)
   uR2FFT/ubutterflyUnit/ubutterflyCore/outputStagePipeline/evenPipeData_reg[19]/D
                                0.25           0.09 f        -0.16  (VIOLATED)
   uR2FFT/ubutterflyUnit/ubutterflyCore/outputStagePipeline/evenPipeData_reg[20]/D
                                0.25           0.09 f        -0.16  (VIOLATED)
   uR2FFT/ubutterflyUnit/ubutterflyCore/outputStagePipeline/evenPipeData_reg[21]/D
                                0.25           0.09 f        -0.16  (VIOLATED)
   uR2FFT/ubutterflyUnit/ubutterflyCore/outputStagePipeline/evenPipeData_reg[22]/D
                                0.25           0.09 f        -0.16  (VIOLATED)
   uR2FFT/ubutterflyUnit/ubutterflyCore/outputStagePipeline/evenPipeData_reg[23]/D
                                0.25           0.09 f        -0.16  (VIOLATED)
   uR2FFT/ubutterflyUnit/ubutterflyCore/outputStagePipeline/evenPipeData_reg[24]/D
                                0.25           0.09 f        -0.16  (VIOLATED)
   uR2FFT/ubutterflyUnit/ubutterflyCore/outputStagePipeline/evenPipeData_reg[25]/D
                                0.25           0.09 f        -0.16  (VIOLATED)
   uR2FFT/ubutterflyUnit/ubutterflyCore/outputStagePipeline/evenPipeData_reg[26]/D
                                0.25           0.09 f        -0.16  (VIOLATED)
   uR2FFT/ubutterflyUnit/ubutterflyCore/outputStagePipeline/evenPipeData_reg[27]/D
                                0.25           0.09 f        -0.16  (VIOLATED)
   uR2FFT/ubutterflyUnit/ubutterflyCore/outputStagePipeline/evenPipeData_reg[28]/D
                                0.25           0.09 f        -0.16  (VIOLATED)
   uR2FFT/ubutterflyUnit/ubutterflyCore/outputStagePipeline/evenPipeData_reg[29]/D
                                0.25           0.09 f        -0.16  (VIOLATED)
   uR2FFT/ubutterflyUnit/ubutterflyCore/outputStagePipeline/evenPipeData_reg[30]/D
                                0.25           0.09 f        -0.16  (VIOLATED)
   uR2FFT/ubutterflyUnit/ubutterflyCore/outputStagePipeline/evenPipeData_reg[31]/D
                                0.25           0.09 f        -0.16  (VIOLATED)
   uR2FFT/ubutterflyUnit/ubutterflyCore/outputStagePipeline/mem0Addr_reg[0]/D
                                0.25           0.09 f        -0.16  (VIOLATED)
   uR2FFT/ubutterflyUnit/ubutterflyCore/outputStagePipeline/mem0Addr_reg[1]/D
                                0.25           0.09 f        -0.16  (VIOLATED)
   uR2FFT/ubutterflyUnit/ubutterflyCore/outputStagePipeline/mem0Addr_reg[2]/D
                                0.25           0.09 f        -0.16  (VIOLATED)
   uR2FFT/ubutterflyUnit/ubutterflyCore/outputStagePipeline/mem0Addr_reg[3]/D
                                0.25           0.09 f        -0.16  (VIOLATED)
   uR2FFT/ubutterflyUnit/ubutterflyCore/outputStagePipeline/mem0Addr_reg[4]/D
                                0.25           0.09 f        -0.16  (VIOLATED)
   uR2FFT/ubutterflyUnit/ubutterflyCore/outputStagePipeline/mem0Addr_reg[5]/D
                                0.25           0.09 f        -0.16  (VIOLATED)
   uR2FFT/ubutterflyUnit/ubutterflyCore/outputStagePipeline/mem0Addr_reg[6]/D
                                0.25           0.09 f        -0.16  (VIOLATED)
   uR2FFT/ubutterflyUnit/ubutterflyCore/outputStagePipeline/mem0Addr_reg[7]/D
                                0.25           0.09 f        -0.16  (VIOLATED)
   uR2FFT/ubutterflyUnit/ubutterflyCore/outputStagePipeline/mem0Addr_reg[8]/D
                                0.25           0.09 f        -0.16  (VIOLATED)
   uR2FFT/ubutterflyUnit/ubutterflyCore/outputStagePipeline/memPipeAddr_reg[0]/D
                                0.25           0.09 f        -0.16  (VIOLATED)
   uR2FFT/ubutterflyUnit/ubutterflyCore/outputStagePipeline/memPipeAddr_reg[1]/D
                                0.25           0.09 f        -0.16  (VIOLATED)
   uR2FFT/ubutterflyUnit/ubutterflyCore/outputStagePipeline/memPipeAddr_reg[2]/D
                                0.25           0.09 f        -0.16  (VIOLATED)
   uR2FFT/ubutterflyUnit/ubutterflyCore/outputStagePipeline/memPipeAddr_reg[3]/D
                                0.25           0.09 f        -0.16  (VIOLATED)
   uR2FFT/ubutterflyUnit/ubutterflyCore/outputStagePipeline/memPipeAddr_reg[4]/D
                                0.25           0.09 f        -0.16  (VIOLATED)
   uR2FFT/ubutterflyUnit/ubutterflyCore/outputStagePipeline/memPipeAddr_reg[5]/D
                                0.25           0.09 f        -0.16  (VIOLATED)
   uR2FFT/ubutterflyUnit/ubutterflyCore/outputStagePipeline/memPipeAddr_reg[6]/D
                                0.25           0.09 f        -0.16  (VIOLATED)
   uR2FFT/ubutterflyUnit/ubutterflyCore/outputStagePipeline/memPipeAddr_reg[7]/D
                                0.25           0.09 f        -0.16  (VIOLATED)
   uR2FFT/ubutterflyUnit/ubutterflyCore/outputStagePipeline/memPipeAddr_reg[8]/D
                                0.25           0.09 f        -0.16  (VIOLATED)
   uR2FFT/ubutterflyUnit/ubutterflyCore/outputStagePipeline/od0Data_reg[0]/D
                                0.25           0.09 f        -0.16  (VIOLATED)
   uR2FFT/ubutterflyUnit/ubutterflyCore/outputStagePipeline/od0Data_reg[1]/D
                                0.25           0.09 f        -0.16  (VIOLATED)
   uR2FFT/ubutterflyUnit/ubutterflyCore/outputStagePipeline/od0Data_reg[2]/D
                                0.25           0.09 f        -0.16  (VIOLATED)
   uR2FFT/ubutterflyUnit/ubutterflyCore/outputStagePipeline/od0Data_reg[3]/D
                                0.25           0.09 f        -0.16  (VIOLATED)
   uR2FFT/ubutterflyUnit/ubutterflyCore/outputStagePipeline/od0Data_reg[4]/D
                                0.25           0.09 f        -0.16  (VIOLATED)
   uR2FFT/ubutterflyUnit/ubutterflyCore/outputStagePipeline/od0Data_reg[5]/D
                                0.25           0.09 f        -0.16  (VIOLATED)
   uR2FFT/ubutterflyUnit/ubutterflyCore/outputStagePipeline/od0Data_reg[6]/D
                                0.25           0.09 f        -0.16  (VIOLATED)
   uR2FFT/ubutterflyUnit/ubutterflyCore/outputStagePipeline/od0Data_reg[7]/D
                                0.25           0.09 f        -0.16  (VIOLATED)
   uR2FFT/ubutterflyUnit/ubutterflyCore/outputStagePipeline/od0Data_reg[8]/D
                                0.25           0.09 f        -0.16  (VIOLATED)
   uR2FFT/ubutterflyUnit/ubutterflyCore/outputStagePipeline/od0Data_reg[9]/D
                                0.25           0.09 f        -0.16  (VIOLATED)
   uR2FFT/ubutterflyUnit/ubutterflyCore/outputStagePipeline/od0Data_reg[10]/D
                                0.25           0.09 f        -0.16  (VIOLATED)
   uR2FFT/ubutterflyUnit/ubutterflyCore/outputStagePipeline/od0Data_reg[11]/D
                                0.25           0.09 f        -0.16  (VIOLATED)
   uR2FFT/ubutterflyUnit/ubutterflyCore/outputStagePipeline/od0Data_reg[12]/D
                                0.25           0.09 f        -0.16  (VIOLATED)
   uR2FFT/ubutterflyUnit/ubutterflyCore/outputStagePipeline/od0Data_reg[13]/D
                                0.25           0.09 f        -0.16  (VIOLATED)
   uR2FFT/ubutterflyUnit/ubutterflyCore/outputStagePipeline/od0Data_reg[14]/D
                                0.25           0.09 f        -0.16  (VIOLATED)
   uR2FFT/ubutterflyUnit/ubutterflyCore/outputStagePipeline/od0Data_reg[15]/D
                                0.25           0.09 f        -0.16  (VIOLATED)
   uR2FFT/ubutterflyUnit/ubutterflyCore/outputStagePipeline/od0Data_reg[16]/D
                                0.25           0.09 f        -0.16  (VIOLATED)
   uR2FFT/ubutterflyUnit/ubutterflyCore/outputStagePipeline/od0Data_reg[17]/D
                                0.25           0.09 f        -0.16  (VIOLATED)
   uR2FFT/ubutterflyUnit/ubutterflyCore/outputStagePipeline/od0Data_reg[18]/D
                                0.25           0.09 f        -0.16  (VIOLATED)
   uR2FFT/ubutterflyUnit/ubutterflyCore/outputStagePipeline/od0Data_reg[19]/D
                                0.25           0.09 f        -0.16  (VIOLATED)
   uR2FFT/ubutterflyUnit/ubutterflyCore/outputStagePipeline/od0Data_reg[20]/D
                                0.25           0.09 f        -0.16  (VIOLATED)
   uR2FFT/ubutterflyUnit/ubutterflyCore/outputStagePipeline/od0Data_reg[21]/D
                                0.25           0.09 f        -0.16  (VIOLATED)
   uR2FFT/ubutterflyUnit/ubutterflyCore/outputStagePipeline/od0Data_reg[22]/D
                                0.25           0.09 f        -0.16  (VIOLATED)
   uR2FFT/ubutterflyUnit/ubutterflyCore/outputStagePipeline/od0Data_reg[23]/D
                                0.25           0.09 f        -0.16  (VIOLATED)
   uR2FFT/ubutterflyUnit/ubutterflyCore/outputStagePipeline/od0Data_reg[24]/D
                                0.25           0.09 f        -0.16  (VIOLATED)
   uR2FFT/ubutterflyUnit/ubutterflyCore/outputStagePipeline/od0Data_reg[25]/D
                                0.25           0.09 f        -0.16  (VIOLATED)
   uR2FFT/ubutterflyUnit/ubutterflyCore/outputStagePipeline/od0Data_reg[26]/D
                                0.25           0.09 f        -0.16  (VIOLATED)
   uR2FFT/ubutterflyUnit/ubutterflyCore/outputStagePipeline/od0Data_reg[27]/D
                                0.25           0.09 f        -0.16  (VIOLATED)
   uR2FFT/ubutterflyUnit/ubutterflyCore/outputStagePipeline/od0Data_reg[28]/D
                                0.25           0.09 f        -0.16  (VIOLATED)
   uR2FFT/ubutterflyUnit/ubutterflyCore/outputStagePipeline/od0Data_reg[29]/D
                                0.25           0.09 f        -0.16  (VIOLATED)
   uR2FFT/ubutterflyUnit/ubutterflyCore/outputStagePipeline/od0Data_reg[30]/D
                                0.25           0.09 f        -0.16  (VIOLATED)
   uR2FFT/ubutterflyUnit/ubutterflyCore/outputStagePipeline/od0Data_reg[31]/D
                                0.25           0.09 f        -0.16  (VIOLATED)
   uR2FFT/ubutterflyUnit/ubutterflyCore/uradix2bt/dst_opa_imag_reg[0]/D
                                0.25           0.09 f        -0.16  (VIOLATED)
   uR2FFT/ubutterflyUnit/ubutterflyCore/uradix2bt/dst_opa_imag_reg[1]/D
                                0.25           0.09 f        -0.16  (VIOLATED)
   uR2FFT/ubutterflyUnit/ubutterflyCore/uradix2bt/dst_opa_imag_reg[2]/D
                                0.25           0.09 f        -0.16  (VIOLATED)
   uR2FFT/ubutterflyUnit/ubutterflyCore/uradix2bt/dst_opa_imag_reg[3]/D
                                0.25           0.09 f        -0.16  (VIOLATED)
   uR2FFT/ubutterflyUnit/ubutterflyCore/uradix2bt/dst_opa_imag_reg[4]/D
                                0.25           0.09 f        -0.16  (VIOLATED)
   uR2FFT/ubutterflyUnit/ubutterflyCore/uradix2bt/dst_opa_imag_reg[5]/D
                                0.25           0.09 f        -0.16  (VIOLATED)
   uR2FFT/ubutterflyUnit/ubutterflyCore/uradix2bt/dst_opa_imag_reg[6]/D
                                0.25           0.09 f        -0.16  (VIOLATED)
   uR2FFT/ubutterflyUnit/ubutterflyCore/uradix2bt/dst_opa_imag_reg[7]/D
                                0.25           0.09 f        -0.16  (VIOLATED)
   uR2FFT/ubutterflyUnit/ubutterflyCore/uradix2bt/dst_opa_imag_reg[8]/D
                                0.25           0.09 f        -0.16  (VIOLATED)
   uR2FFT/ubutterflyUnit/ubutterflyCore/uradix2bt/dst_opa_imag_reg[9]/D
                                0.25           0.09 f        -0.16  (VIOLATED)
   uR2FFT/ubutterflyUnit/ubutterflyCore/uradix2bt/dst_opa_imag_reg[10]/D
                                0.25           0.09 f        -0.16  (VIOLATED)
   uR2FFT/ubutterflyUnit/ubutterflyCore/uradix2bt/dst_opa_imag_reg[11]/D
                                0.25           0.09 f        -0.16  (VIOLATED)
   uR2FFT/ubutterflyUnit/ubutterflyCore/uradix2bt/dst_opa_imag_reg[12]/D
                                0.25           0.09 f        -0.16  (VIOLATED)
   uR2FFT/ubutterflyUnit/ubutterflyCore/uradix2bt/dst_opa_imag_reg[13]/D
                                0.25           0.09 f        -0.16  (VIOLATED)
   uR2FFT/ubutterflyUnit/ubutterflyCore/uradix2bt/dst_opa_imag_reg[14]/D
                                0.25           0.09 f        -0.16  (VIOLATED)
   uR2FFT/ubutterflyUnit/ubutterflyCore/uradix2bt/dst_opa_imag_reg[15]/D
                                0.25           0.09 f        -0.16  (VIOLATED)
   uR2FFT/ubutterflyUnit/ubutterflyCore/uradix2bt/dst_opa_real_reg[0]/D
                                0.25           0.09 f        -0.16  (VIOLATED)
   uR2FFT/ubutterflyUnit/ubutterflyCore/uradix2bt/dst_opa_real_reg[1]/D
                                0.25           0.09 f        -0.16  (VIOLATED)
   uR2FFT/ubutterflyUnit/ubutterflyCore/uradix2bt/dst_opa_real_reg[2]/D
                                0.25           0.09 f        -0.16  (VIOLATED)
   uR2FFT/ubutterflyUnit/ubutterflyCore/uradix2bt/dst_opa_real_reg[3]/D
                                0.25           0.09 f        -0.16  (VIOLATED)
   uR2FFT/ubutterflyUnit/ubutterflyCore/uradix2bt/dst_opa_real_reg[4]/D
                                0.25           0.09 f        -0.16  (VIOLATED)
   uR2FFT/ubutterflyUnit/ubutterflyCore/uradix2bt/dst_opa_real_reg[5]/D
                                0.25           0.09 f        -0.16  (VIOLATED)
   uR2FFT/ubutterflyUnit/ubutterflyCore/uradix2bt/dst_opa_real_reg[6]/D
                                0.25           0.09 f        -0.16  (VIOLATED)
   uR2FFT/ubutterflyUnit/ubutterflyCore/uradix2bt/dst_opa_real_reg[7]/D
                                0.25           0.09 f        -0.16  (VIOLATED)
   uR2FFT/ubutterflyUnit/ubutterflyCore/uradix2bt/dst_opa_real_reg[8]/D
                                0.25           0.09 f        -0.16  (VIOLATED)
   uR2FFT/ubutterflyUnit/ubutterflyCore/uradix2bt/dst_opa_real_reg[9]/D
                                0.25           0.09 f        -0.16  (VIOLATED)
   uR2FFT/ubutterflyUnit/ubutterflyCore/uradix2bt/dst_opa_real_reg[10]/D
                                0.25           0.09 f        -0.16  (VIOLATED)
   uR2FFT/ubutterflyUnit/ubutterflyCore/uradix2bt/dst_opa_real_reg[11]/D
                                0.25           0.09 f        -0.16  (VIOLATED)
   uR2FFT/ubutterflyUnit/ubutterflyCore/uradix2bt/dst_opa_real_reg[12]/D
                                0.25           0.09 f        -0.16  (VIOLATED)
   uR2FFT/ubutterflyUnit/ubutterflyCore/uradix2bt/dst_opa_real_reg[13]/D
                                0.25           0.09 f        -0.16  (VIOLATED)
   uR2FFT/ubutterflyUnit/ubutterflyCore/uradix2bt/dst_opa_real_reg[14]/D
                                0.25           0.09 f        -0.16  (VIOLATED)
   uR2FFT/ubutterflyUnit/ubutterflyCore/uradix2bt/dst_opa_real_reg[15]/D
                                0.25           0.09 f        -0.16  (VIOLATED)
   uR2FFT/ubutterflyUnit/ubutterflyCore/uradix2bt/iMemAddr_stage2_reg[0]/D
                                0.25           0.09 f        -0.16  (VIOLATED)
   uR2FFT/ubutterflyUnit/ubutterflyCore/uradix2bt/iMemAddr_stage2_reg[1]/D
                                0.25           0.09 f        -0.16  (VIOLATED)
   uR2FFT/ubutterflyUnit/ubutterflyCore/uradix2bt/iMemAddr_stage2_reg[2]/D
                                0.25           0.09 f        -0.16  (VIOLATED)
   uR2FFT/ubutterflyUnit/ubutterflyCore/uradix2bt/iMemAddr_stage2_reg[3]/D
                                0.25           0.09 f        -0.16  (VIOLATED)
   uR2FFT/ubutterflyUnit/ubutterflyCore/uradix2bt/iMemAddr_stage2_reg[4]/D
                                0.25           0.09 f        -0.16  (VIOLATED)
   uR2FFT/ubutterflyUnit/ubutterflyCore/uradix2bt/iMemAddr_stage2_reg[5]/D
                                0.25           0.09 f        -0.16  (VIOLATED)
   uR2FFT/ubutterflyUnit/ubutterflyCore/uradix2bt/iMemAddr_stage2_reg[6]/D
                                0.25           0.09 f        -0.16  (VIOLATED)
   uR2FFT/ubutterflyUnit/ubutterflyCore/uradix2bt/iMemAddr_stage2_reg[7]/D
                                0.25           0.09 f        -0.16  (VIOLATED)
   uR2FFT/ubutterflyUnit/ubutterflyCore/uradix2bt/iMemAddr_stage2_reg[8]/D
                                0.25           0.09 f        -0.16  (VIOLATED)
   uR2FFT/ubutterflyUnit/ubutterflyCore/uradix2bt/oMemAddr_reg[0]/D
                                0.25           0.09 f        -0.16  (VIOLATED)
   uR2FFT/ubutterflyUnit/ubutterflyCore/uradix2bt/oMemAddr_reg[1]/D
                                0.25           0.09 f        -0.16  (VIOLATED)
   uR2FFT/ubutterflyUnit/ubutterflyCore/uradix2bt/oMemAddr_reg[2]/D
                                0.25           0.09 f        -0.16  (VIOLATED)
   uR2FFT/ubutterflyUnit/ubutterflyCore/uradix2bt/oMemAddr_reg[3]/D
                                0.25           0.09 f        -0.16  (VIOLATED)
   uR2FFT/ubutterflyUnit/ubutterflyCore/uradix2bt/oMemAddr_reg[4]/D
                                0.25           0.09 f        -0.16  (VIOLATED)
   uR2FFT/ubutterflyUnit/ubutterflyCore/uradix2bt/oMemAddr_reg[5]/D
                                0.25           0.09 f        -0.16  (VIOLATED)
   uR2FFT/ubutterflyUnit/ubutterflyCore/uradix2bt/oMemAddr_reg[6]/D
                                0.25           0.09 f        -0.16  (VIOLATED)
   uR2FFT/ubutterflyUnit/ubutterflyCore/uradix2bt/oMemAddr_reg[7]/D
                                0.25           0.09 f        -0.16  (VIOLATED)
   uR2FFT/ubutterflyUnit/ubutterflyCore/uradix2bt/oMemAddr_reg[8]/D
                                0.25           0.09 f        -0.16  (VIOLATED)
   uR2FFT/ubutterflyUnit/ubutterflyCore/uradix2bt/octrl_reg[0]/D
                                0.25           0.09 f        -0.16  (VIOLATED)
   uR2FFT/ubutterflyUnit/ubutterflyCore/uradix2bt/octrl_reg[1]/D
                                0.25           0.09 f        -0.16  (VIOLATED)
   uR2FFT/ubutterflyUnit/wa_ram1_reg[0]/D
                                0.25           0.09 f        -0.16  (VIOLATED)
   uR2FFT/ubutterflyUnit/wa_ram1_reg[1]/D
                                0.25           0.09 f        -0.16  (VIOLATED)
   uR2FFT/ubutterflyUnit/wa_ram1_reg[2]/D
                                0.25           0.09 f        -0.16  (VIOLATED)
   uR2FFT/ubutterflyUnit/wa_ram1_reg[3]/D
                                0.25           0.09 f        -0.16  (VIOLATED)
   uR2FFT/ubutterflyUnit/wa_ram1_reg[4]/D
                                0.25           0.09 f        -0.16  (VIOLATED)
   uR2FFT/ubutterflyUnit/wa_ram1_reg[5]/D
                                0.25           0.09 f        -0.16  (VIOLATED)
   uR2FFT/ubutterflyUnit/wa_ram1_reg[6]/D
                                0.25           0.09 f        -0.16  (VIOLATED)
   uR2FFT/ubutterflyUnit/wa_ram1_reg[7]/D
                                0.25           0.09 f        -0.16  (VIOLATED)
   uR2FFT/ubutterflyUnit/wa_ram1_reg[8]/D
                                0.25           0.09 f        -0.16  (VIOLATED)
   uR2FFT/ubutterflyUnit/wact_ram1_reg/D
                                0.25           0.09 f        -0.16  (VIOLATED)
   uR2FFT/ubutterflyUnit/ubutterflyCore/inputStagePipeline/od1Data_reg[0]/D
                                0.25           0.09 f        -0.16  (VIOLATED)
   uR2FFT/ubutterflyUnit/ubutterflyCore/inputStagePipeline/od1Data_reg[1]/D
                                0.25           0.09 f        -0.16  (VIOLATED)
   uR2FFT/ubutterflyUnit/ubutterflyCore/inputStagePipeline/od1Data_reg[2]/D
                                0.25           0.09 f        -0.16  (VIOLATED)
   uR2FFT/ubutterflyUnit/ubutterflyCore/inputStagePipeline/od1Data_reg[3]/D
                                0.25           0.09 f        -0.16  (VIOLATED)
   uR2FFT/ubutterflyUnit/ubutterflyCore/inputStagePipeline/od1Data_reg[4]/D
                                0.25           0.09 f        -0.16  (VIOLATED)
   uR2FFT/ubutterflyUnit/ubutterflyCore/inputStagePipeline/od1Data_reg[5]/D
                                0.25           0.09 f        -0.16  (VIOLATED)
   uR2FFT/ubutterflyUnit/ubutterflyCore/inputStagePipeline/od1Data_reg[6]/D
                                0.25           0.09 f        -0.16  (VIOLATED)
   uR2FFT/ubutterflyUnit/ubutterflyCore/inputStagePipeline/od1Data_reg[7]/D
                                0.25           0.09 f        -0.16  (VIOLATED)
   uR2FFT/ubutterflyUnit/ubutterflyCore/inputStagePipeline/od1Data_reg[8]/D
                                0.25           0.09 f        -0.16  (VIOLATED)
   uR2FFT/ubutterflyUnit/ubutterflyCore/inputStagePipeline/od1Data_reg[9]/D
                                0.25           0.09 f        -0.16  (VIOLATED)
   uR2FFT/ubutterflyUnit/ubutterflyCore/inputStagePipeline/od1Data_reg[10]/D
                                0.25           0.09 f        -0.16  (VIOLATED)
   uR2FFT/ubutterflyUnit/ubutterflyCore/inputStagePipeline/od1Data_reg[11]/D
                                0.25           0.09 f        -0.16  (VIOLATED)
   uR2FFT/ubutterflyUnit/ubutterflyCore/inputStagePipeline/od1Data_reg[12]/D
                                0.25           0.09 f        -0.16  (VIOLATED)
   uR2FFT/ubutterflyUnit/ubutterflyCore/inputStagePipeline/od1Data_reg[13]/D
                                0.25           0.09 f        -0.16  (VIOLATED)
   uR2FFT/ubutterflyUnit/ubutterflyCore/inputStagePipeline/od1Data_reg[14]/D
                                0.25           0.09 f        -0.16  (VIOLATED)
   uR2FFT/ubutterflyUnit/ubutterflyCore/inputStagePipeline/od1Data_reg[15]/D
                                0.25           0.09 f        -0.16  (VIOLATED)
   uR2FFT/ubutterflyUnit/ubutterflyCore/inputStagePipeline/od1Data_reg[16]/D
                                0.25           0.09 f        -0.16  (VIOLATED)
   uR2FFT/ubutterflyUnit/ubutterflyCore/inputStagePipeline/od1Data_reg[17]/D
                                0.25           0.09 f        -0.16  (VIOLATED)
   uR2FFT/ubutterflyUnit/ubutterflyCore/inputStagePipeline/od1Data_reg[18]/D
                                0.25           0.09 f        -0.16  (VIOLATED)
   uR2FFT/ubutterflyUnit/ubutterflyCore/inputStagePipeline/od1Data_reg[19]/D
                                0.25           0.09 f        -0.16  (VIOLATED)
   uR2FFT/ubutterflyUnit/ubutterflyCore/inputStagePipeline/od1Data_reg[20]/D
                                0.25           0.09 f        -0.16  (VIOLATED)
   uR2FFT/ubutterflyUnit/ubutterflyCore/inputStagePipeline/od1Data_reg[21]/D
                                0.25           0.09 f        -0.16  (VIOLATED)
   uR2FFT/ubutterflyUnit/ubutterflyCore/inputStagePipeline/od1Data_reg[22]/D
                                0.25           0.09 f        -0.16  (VIOLATED)
   uR2FFT/ubutterflyUnit/ubutterflyCore/inputStagePipeline/od1Data_reg[23]/D
                                0.25           0.09 f        -0.16  (VIOLATED)
   uR2FFT/ubutterflyUnit/ubutterflyCore/inputStagePipeline/od1Data_reg[24]/D
                                0.25           0.09 f        -0.16  (VIOLATED)
   uR2FFT/ubutterflyUnit/ubutterflyCore/inputStagePipeline/od1Data_reg[25]/D
                                0.25           0.09 f        -0.16  (VIOLATED)
   uR2FFT/ubutterflyUnit/ubutterflyCore/inputStagePipeline/od1Data_reg[26]/D
                                0.25           0.09 f        -0.16  (VIOLATED)
   uR2FFT/ubutterflyUnit/ubutterflyCore/inputStagePipeline/od1Data_reg[27]/D
                                0.25           0.09 f        -0.16  (VIOLATED)
   uR2FFT/ubutterflyUnit/ubutterflyCore/inputStagePipeline/od1Data_reg[28]/D
                                0.25           0.09 f        -0.16  (VIOLATED)
   uR2FFT/ubutterflyUnit/ubutterflyCore/inputStagePipeline/od1Data_reg[29]/D
                                0.25           0.09 f        -0.16  (VIOLATED)
   uR2FFT/ubutterflyUnit/ubutterflyCore/inputStagePipeline/od1Data_reg[30]/D
                                0.25           0.09 f        -0.16  (VIOLATED)
   uR2FFT/ubutterflyUnit/ubutterflyCore/inputStagePipeline/od1Data_reg[31]/D
                                0.25           0.09 f        -0.16  (VIOLATED)
   uR2FFT/ubutterflyUnit/ubutterflyCore/outputStagePipeline/od1Data_reg[0]/D
                                0.25           0.09 f        -0.16  (VIOLATED)
   uR2FFT/ubutterflyUnit/ubutterflyCore/outputStagePipeline/od1Data_reg[1]/D
                                0.25           0.09 f        -0.16  (VIOLATED)
   uR2FFT/ubutterflyUnit/ubutterflyCore/outputStagePipeline/od1Data_reg[2]/D
                                0.25           0.09 f        -0.16  (VIOLATED)
   uR2FFT/ubutterflyUnit/ubutterflyCore/outputStagePipeline/od1Data_reg[3]/D
                                0.25           0.09 f        -0.16  (VIOLATED)
   uR2FFT/ubutterflyUnit/ubutterflyCore/outputStagePipeline/od1Data_reg[4]/D
                                0.25           0.09 f        -0.16  (VIOLATED)
   uR2FFT/ubutterflyUnit/ubutterflyCore/outputStagePipeline/od1Data_reg[5]/D
                                0.25           0.09 f        -0.16  (VIOLATED)
   uR2FFT/ubutterflyUnit/ubutterflyCore/outputStagePipeline/od1Data_reg[6]/D
                                0.25           0.09 f        -0.16  (VIOLATED)
   uR2FFT/ubutterflyUnit/ubutterflyCore/outputStagePipeline/od1Data_reg[7]/D
                                0.25           0.09 f        -0.16  (VIOLATED)
   uR2FFT/ubutterflyUnit/ubutterflyCore/outputStagePipeline/od1Data_reg[8]/D
                                0.25           0.09 f        -0.16  (VIOLATED)
   uR2FFT/ubutterflyUnit/ubutterflyCore/outputStagePipeline/od1Data_reg[9]/D
                                0.25           0.09 f        -0.16  (VIOLATED)
   uR2FFT/ubutterflyUnit/ubutterflyCore/outputStagePipeline/od1Data_reg[10]/D
                                0.25           0.09 f        -0.16  (VIOLATED)
   uR2FFT/ubutterflyUnit/ubutterflyCore/outputStagePipeline/od1Data_reg[11]/D
                                0.25           0.09 f        -0.16  (VIOLATED)
   uR2FFT/ubutterflyUnit/ubutterflyCore/outputStagePipeline/od1Data_reg[12]/D
                                0.25           0.09 f        -0.16  (VIOLATED)
   uR2FFT/ubutterflyUnit/ubutterflyCore/outputStagePipeline/od1Data_reg[13]/D
                                0.25           0.09 f        -0.16  (VIOLATED)
   uR2FFT/ubutterflyUnit/ubutterflyCore/outputStagePipeline/od1Data_reg[14]/D
                                0.25           0.09 f        -0.16  (VIOLATED)
   uR2FFT/ubutterflyUnit/ubutterflyCore/outputStagePipeline/od1Data_reg[15]/D
                                0.25           0.09 f        -0.16  (VIOLATED)
   uR2FFT/ubutterflyUnit/ubutterflyCore/outputStagePipeline/od1Data_reg[16]/D
                                0.25           0.09 f        -0.16  (VIOLATED)
   uR2FFT/ubutterflyUnit/ubutterflyCore/outputStagePipeline/od1Data_reg[17]/D
                                0.25           0.09 f        -0.16  (VIOLATED)
   uR2FFT/ubutterflyUnit/ubutterflyCore/outputStagePipeline/od1Data_reg[18]/D
                                0.25           0.09 f        -0.16  (VIOLATED)
   uR2FFT/ubutterflyUnit/ubutterflyCore/outputStagePipeline/od1Data_reg[19]/D
                                0.25           0.09 f        -0.16  (VIOLATED)
   uR2FFT/ubutterflyUnit/ubutterflyCore/outputStagePipeline/od1Data_reg[20]/D
                                0.25           0.09 f        -0.16  (VIOLATED)
   uR2FFT/ubutterflyUnit/ubutterflyCore/outputStagePipeline/od1Data_reg[21]/D
                                0.25           0.09 f        -0.16  (VIOLATED)
   uR2FFT/ubutterflyUnit/ubutterflyCore/outputStagePipeline/od1Data_reg[22]/D
                                0.25           0.09 f        -0.16  (VIOLATED)
   uR2FFT/ubutterflyUnit/ubutterflyCore/outputStagePipeline/od1Data_reg[23]/D
                                0.25           0.09 f        -0.16  (VIOLATED)
   uR2FFT/ubutterflyUnit/ubutterflyCore/outputStagePipeline/od1Data_reg[24]/D
                                0.25           0.09 f        -0.16  (VIOLATED)
   uR2FFT/ubutterflyUnit/ubutterflyCore/outputStagePipeline/od1Data_reg[25]/D
                                0.25           0.09 f        -0.16  (VIOLATED)
   uR2FFT/ubutterflyUnit/ubutterflyCore/outputStagePipeline/od1Data_reg[26]/D
                                0.25           0.09 f        -0.16  (VIOLATED)
   uR2FFT/ubutterflyUnit/ubutterflyCore/outputStagePipeline/od1Data_reg[27]/D
                                0.25           0.09 f        -0.16  (VIOLATED)
   uR2FFT/ubutterflyUnit/ubutterflyCore/outputStagePipeline/od1Data_reg[28]/D
                                0.25           0.09 f        -0.16  (VIOLATED)
   uR2FFT/ubutterflyUnit/ubutterflyCore/outputStagePipeline/od1Data_reg[29]/D
                                0.25           0.09 f        -0.16  (VIOLATED)
   uR2FFT/ubutterflyUnit/ubutterflyCore/outputStagePipeline/od1Data_reg[30]/D
                                0.25           0.09 f        -0.16  (VIOLATED)
   uR2FFT/ubutterflyUnit/ubutterflyCore/outputStagePipeline/od1Data_reg[31]/D
                                0.25           0.09 f        -0.16  (VIOLATED)
   uR2FFT/ubutterflyUnit/ubutterflyCore/inputStagePipeline/ev0Data_reg[0]/D
                                0.25           0.09 f        -0.16  (VIOLATED)
   uR2FFT/ubutterflyUnit/ubutterflyCore/inputStagePipeline/ev0Data_reg[1]/D
                                0.25           0.09 f        -0.16  (VIOLATED)
   uR2FFT/ubutterflyUnit/ubutterflyCore/inputStagePipeline/ev0Data_reg[2]/D
                                0.25           0.09 f        -0.16  (VIOLATED)
   uR2FFT/ubutterflyUnit/ubutterflyCore/inputStagePipeline/ev0Data_reg[3]/D
                                0.25           0.09 f        -0.16  (VIOLATED)
   uR2FFT/ubutterflyUnit/ubutterflyCore/inputStagePipeline/ev0Data_reg[4]/D
                                0.25           0.09 f        -0.16  (VIOLATED)
   uR2FFT/ubutterflyUnit/ubutterflyCore/inputStagePipeline/ev0Data_reg[5]/D
                                0.25           0.09 f        -0.16  (VIOLATED)
   uR2FFT/ubutterflyUnit/ubutterflyCore/inputStagePipeline/ev0Data_reg[6]/D
                                0.25           0.09 f        -0.16  (VIOLATED)
   uR2FFT/ubutterflyUnit/ubutterflyCore/inputStagePipeline/ev0Data_reg[7]/D
                                0.25           0.09 f        -0.16  (VIOLATED)
   uR2FFT/ubutterflyUnit/ubutterflyCore/inputStagePipeline/ev0Data_reg[8]/D
                                0.25           0.09 f        -0.16  (VIOLATED)
   uR2FFT/ubutterflyUnit/ubutterflyCore/inputStagePipeline/ev0Data_reg[9]/D
                                0.25           0.09 f        -0.16  (VIOLATED)
   uR2FFT/ubutterflyUnit/ubutterflyCore/inputStagePipeline/ev0Data_reg[10]/D
                                0.25           0.09 f        -0.16  (VIOLATED)
   uR2FFT/ubutterflyUnit/ubutterflyCore/inputStagePipeline/ev0Data_reg[11]/D
                                0.25           0.09 f        -0.16  (VIOLATED)
   uR2FFT/ubutterflyUnit/ubutterflyCore/inputStagePipeline/ev0Data_reg[12]/D
                                0.25           0.09 f        -0.16  (VIOLATED)
   uR2FFT/ubutterflyUnit/ubutterflyCore/inputStagePipeline/ev0Data_reg[13]/D
                                0.25           0.09 f        -0.16  (VIOLATED)
   uR2FFT/ubutterflyUnit/ubutterflyCore/inputStagePipeline/ev0Data_reg[14]/D
                                0.25           0.09 f        -0.16  (VIOLATED)
   uR2FFT/ubutterflyUnit/ubutterflyCore/inputStagePipeline/ev0Data_reg[15]/D
                                0.25           0.09 f        -0.16  (VIOLATED)
   uR2FFT/ubutterflyUnit/ubutterflyCore/inputStagePipeline/ev0Data_reg[16]/D
                                0.25           0.09 f        -0.16  (VIOLATED)
   uR2FFT/ubutterflyUnit/ubutterflyCore/inputStagePipeline/ev0Data_reg[17]/D
                                0.25           0.09 f        -0.16  (VIOLATED)
   uR2FFT/ubutterflyUnit/ubutterflyCore/inputStagePipeline/ev0Data_reg[18]/D
                                0.25           0.09 f        -0.16  (VIOLATED)
   uR2FFT/ubutterflyUnit/ubutterflyCore/inputStagePipeline/ev0Data_reg[19]/D
                                0.25           0.09 f        -0.16  (VIOLATED)
   uR2FFT/ubutterflyUnit/ubutterflyCore/inputStagePipeline/ev0Data_reg[20]/D
                                0.25           0.09 f        -0.16  (VIOLATED)
   uR2FFT/ubutterflyUnit/ubutterflyCore/inputStagePipeline/ev0Data_reg[21]/D
                                0.25           0.09 f        -0.16  (VIOLATED)
   uR2FFT/ubutterflyUnit/ubutterflyCore/inputStagePipeline/ev0Data_reg[22]/D
                                0.25           0.09 f        -0.16  (VIOLATED)
   uR2FFT/ubutterflyUnit/ubutterflyCore/inputStagePipeline/ev0Data_reg[23]/D
                                0.25           0.09 f        -0.16  (VIOLATED)
   uR2FFT/ubutterflyUnit/ubutterflyCore/inputStagePipeline/ev0Data_reg[24]/D
                                0.25           0.09 f        -0.16  (VIOLATED)
   uR2FFT/ubutterflyUnit/ubutterflyCore/inputStagePipeline/ev0Data_reg[25]/D
                                0.25           0.09 f        -0.16  (VIOLATED)
   uR2FFT/ubutterflyUnit/ubutterflyCore/inputStagePipeline/ev0Data_reg[26]/D
                                0.25           0.09 f        -0.16  (VIOLATED)
   uR2FFT/ubutterflyUnit/ubutterflyCore/inputStagePipeline/ev0Data_reg[27]/D
                                0.25           0.09 f        -0.16  (VIOLATED)
   uR2FFT/ubutterflyUnit/ubutterflyCore/inputStagePipeline/ev0Data_reg[28]/D
                                0.25           0.09 f        -0.16  (VIOLATED)
   uR2FFT/ubutterflyUnit/ubutterflyCore/inputStagePipeline/ev0Data_reg[29]/D
                                0.25           0.09 f        -0.16  (VIOLATED)
   uR2FFT/ubutterflyUnit/ubutterflyCore/inputStagePipeline/ev0Data_reg[30]/D
                                0.25           0.09 f        -0.16  (VIOLATED)
   uR2FFT/ubutterflyUnit/ubutterflyCore/inputStagePipeline/ev0Data_reg[31]/D
                                0.25           0.09 f        -0.16  (VIOLATED)
   uR2FFT/ubutterflyUnit/ubutterflyCore/outputStagePipeline/ev0Data_reg[0]/D
                                0.25           0.09 f        -0.16  (VIOLATED)
   uR2FFT/ubutterflyUnit/ubutterflyCore/outputStagePipeline/ev0Data_reg[1]/D
                                0.25           0.09 f        -0.16  (VIOLATED)
   uR2FFT/ubutterflyUnit/ubutterflyCore/outputStagePipeline/ev0Data_reg[2]/D
                                0.25           0.09 f        -0.16  (VIOLATED)
   uR2FFT/ubutterflyUnit/ubutterflyCore/outputStagePipeline/ev0Data_reg[3]/D
                                0.25           0.09 f        -0.16  (VIOLATED)
   uR2FFT/ubutterflyUnit/ubutterflyCore/outputStagePipeline/ev0Data_reg[4]/D
                                0.25           0.09 f        -0.16  (VIOLATED)
   uR2FFT/ubutterflyUnit/ubutterflyCore/outputStagePipeline/ev0Data_reg[5]/D
                                0.25           0.09 f        -0.16  (VIOLATED)
   uR2FFT/ubutterflyUnit/ubutterflyCore/outputStagePipeline/ev0Data_reg[6]/D
                                0.25           0.09 f        -0.16  (VIOLATED)
   uR2FFT/ubutterflyUnit/ubutterflyCore/outputStagePipeline/ev0Data_reg[7]/D
                                0.25           0.09 f        -0.16  (VIOLATED)
   uR2FFT/ubutterflyUnit/ubutterflyCore/outputStagePipeline/ev0Data_reg[8]/D
                                0.25           0.09 f        -0.16  (VIOLATED)
   uR2FFT/ubutterflyUnit/ubutterflyCore/outputStagePipeline/ev0Data_reg[9]/D
                                0.25           0.09 f        -0.16  (VIOLATED)
   uR2FFT/ubutterflyUnit/ubutterflyCore/outputStagePipeline/ev0Data_reg[10]/D
                                0.25           0.09 f        -0.16  (VIOLATED)
   uR2FFT/ubutterflyUnit/ubutterflyCore/outputStagePipeline/ev0Data_reg[11]/D
                                0.25           0.09 f        -0.16  (VIOLATED)
   uR2FFT/ubutterflyUnit/ubutterflyCore/outputStagePipeline/ev0Data_reg[12]/D
                                0.25           0.09 f        -0.16  (VIOLATED)
   uR2FFT/ubutterflyUnit/ubutterflyCore/outputStagePipeline/ev0Data_reg[13]/D
                                0.25           0.09 f        -0.16  (VIOLATED)
   uR2FFT/ubutterflyUnit/ubutterflyCore/outputStagePipeline/ev0Data_reg[14]/D
                                0.25           0.09 f        -0.16  (VIOLATED)
   uR2FFT/ubutterflyUnit/ubutterflyCore/outputStagePipeline/ev0Data_reg[15]/D
                                0.25           0.09 f        -0.16  (VIOLATED)
   uR2FFT/ubutterflyUnit/ubutterflyCore/outputStagePipeline/ev0Data_reg[16]/D
                                0.25           0.09 f        -0.16  (VIOLATED)
   uR2FFT/ubutterflyUnit/ubutterflyCore/outputStagePipeline/ev0Data_reg[17]/D
                                0.25           0.09 f        -0.16  (VIOLATED)
   uR2FFT/ubutterflyUnit/ubutterflyCore/outputStagePipeline/ev0Data_reg[18]/D
                                0.25           0.09 f        -0.16  (VIOLATED)
   uR2FFT/ubutterflyUnit/ubutterflyCore/outputStagePipeline/ev0Data_reg[19]/D
                                0.25           0.09 f        -0.16  (VIOLATED)
   uR2FFT/ubutterflyUnit/ubutterflyCore/outputStagePipeline/ev0Data_reg[20]/D
                                0.25           0.09 f        -0.16  (VIOLATED)
   uR2FFT/ubutterflyUnit/ubutterflyCore/outputStagePipeline/ev0Data_reg[21]/D
                                0.25           0.09 f        -0.16  (VIOLATED)
   uR2FFT/ubutterflyUnit/ubutterflyCore/outputStagePipeline/ev0Data_reg[22]/D
                                0.25           0.09 f        -0.16  (VIOLATED)
   uR2FFT/ubutterflyUnit/ubutterflyCore/outputStagePipeline/ev0Data_reg[23]/D
                                0.25           0.09 f        -0.16  (VIOLATED)
   uR2FFT/ubutterflyUnit/ubutterflyCore/outputStagePipeline/ev0Data_reg[24]/D
                                0.25           0.09 f        -0.16  (VIOLATED)
   uR2FFT/ubutterflyUnit/ubutterflyCore/outputStagePipeline/ev0Data_reg[25]/D
                                0.25           0.09 f        -0.16  (VIOLATED)
   uR2FFT/ubutterflyUnit/ubutterflyCore/outputStagePipeline/ev0Data_reg[26]/D
                                0.25           0.09 f        -0.16  (VIOLATED)
   uR2FFT/ubutterflyUnit/ubutterflyCore/outputStagePipeline/ev0Data_reg[27]/D
                                0.25           0.09 f        -0.16  (VIOLATED)
   uR2FFT/ubutterflyUnit/ubutterflyCore/outputStagePipeline/ev0Data_reg[28]/D
                                0.25           0.09 f        -0.16  (VIOLATED)
   uR2FFT/ubutterflyUnit/ubutterflyCore/outputStagePipeline/ev0Data_reg[29]/D
                                0.25           0.09 f        -0.16  (VIOLATED)
   uR2FFT/ubutterflyUnit/ubutterflyCore/outputStagePipeline/ev0Data_reg[30]/D
                                0.25           0.09 f        -0.16  (VIOLATED)
   uR2FFT/ubutterflyUnit/ubutterflyCore/outputStagePipeline/ev0Data_reg[31]/D
                                0.25           0.09 f        -0.16  (VIOLATED)
   uR2FFT/ubutterflyUnit/ubutterflyCore/uradix2bt/oact_reg/D
                                0.25           0.10 f        -0.15  (VIOLATED)
   uR2FFT/ubfp_maxBitWidthIstream/max_bw_f_reg[1]/D
                                0.25           0.10 f        -0.15  (VIOLATED)
   uR2FFT/ubutterflyUnit/ubfp_maxBitWidth/max_bw_f_reg[1]/D
                                0.25           0.10 f        -0.15  (VIOLATED)
   uR2FFT/ubfpacc/bfp_exponent_signed_reg[1]/D
                                0.25           0.10 f        -0.15  (VIOLATED)
   uR2FFT/ubfpacc/bfp_exponent_signed_reg[7]/D
                                0.25           0.11 f        -0.15  (VIOLATED)
   uR2FFT/ubfpacc/bfp_exponent_signed_reg[6]/D
                                0.25           0.12 f        -0.14  (VIOLATED)
   uR2FFT/ubfp_maxBitWidthIstream/max_bw_f_reg[2]/D
                                0.25           0.12 f        -0.13  (VIOLATED)
   uR2FFT/ubutterflyUnit/ubfp_maxBitWidth/max_bw_f_reg[2]/D
                                0.25           0.12 f        -0.13  (VIOLATED)
   uR2FFT/ubfp_maxBitWidthIstream/max_bw_f_reg[4]/D
                                0.25           0.12 f        -0.13  (VIOLATED)
   uR2FFT/ubutterflyUnit/ubfp_maxBitWidth/max_bw_f_reg[4]/D
                                0.25           0.12 f        -0.13  (VIOLATED)
   uR2FFT/ubitReverseCounter/ptr_f_reg[3]/D
                                0.25           0.12 f        -0.13  (VIOLATED)
   uR2FFT/ubitReverseCounter/ptr_f_reg[5]/D
                                0.25           0.12 f        -0.13  (VIOLATED)
   uR2FFT/ubitReverseCounter/ptr_f_reg[1]/D
                                0.25           0.12 f        -0.13  (VIOLATED)
   uR2FFT/ubitReverseCounter/ptr_f_reg[7]/D
                                0.25           0.12 f        -0.13  (VIOLATED)
   uR2FFT/fftStageCount_reg[1]/D
                                0.25           0.12 f        -0.13  (VIOLATED)
   uR2FFT/fftStageCount_reg[2]/D
                                0.25           0.12 f        -0.13  (VIOLATED)
   uR2FFT/ubutterflyUnit/ubutterflyCore/inputStagePipeline/actPipe_reg/D
                                0.25           0.12 f        -0.13  (VIOLATED)
   uR2FFT/ubutterflyUnit/ubutterflyCore/inputStagePipeline/ctrlPipe_reg[0]/D
                                0.25           0.12 f        -0.13  (VIOLATED)
   uR2FFT/ubutterflyUnit/ubutterflyCore/inputStagePipeline/ctrlPipe_reg[1]/D
                                0.25           0.12 f        -0.13  (VIOLATED)
   uR2FFT/ubutterflyUnit/ubutterflyCore/inputStagePipeline/ctrl_f_reg[0]/D
                                0.25           0.12 f        -0.13  (VIOLATED)
   uR2FFT/ubutterflyUnit/ubutterflyCore/inputStagePipeline/ctrl_f_reg[1]/D
                                0.25           0.12 f        -0.13  (VIOLATED)
   uR2FFT/ubutterflyUnit/ubutterflyCore/inputStagePipeline/oact_f_reg/D
                                0.25           0.12 f        -0.13  (VIOLATED)
   uR2FFT/ubutterflyUnit/ubutterflyCore/outputStagePipeline/actPipe_reg/D
                                0.25           0.12 f        -0.13  (VIOLATED)
   uR2FFT/ubutterflyUnit/ubutterflyCore/outputStagePipeline/ctrlPipe_reg[0]/D
                                0.25           0.12 f        -0.13  (VIOLATED)
   uR2FFT/ubutterflyUnit/ubutterflyCore/outputStagePipeline/ctrlPipe_reg[1]/D
                                0.25           0.12 f        -0.13  (VIOLATED)
   uR2FFT/ubutterflyUnit/ubutterflyCore/outputStagePipeline/ctrl_f_reg[0]/D
                                0.25           0.12 f        -0.13  (VIOLATED)
   uR2FFT/ubutterflyUnit/ubutterflyCore/outputStagePipeline/ctrl_f_reg[1]/D
                                0.25           0.12 f        -0.13  (VIOLATED)
   uR2FFT/ubutterflyUnit/ubutterflyCore/outputStagePipeline/oact_f_reg/D
                                0.25           0.12 f        -0.13  (VIOLATED)
   uR2FFT/ubitReverseCounter/ptr_f_reg[4]/D
                                0.25           0.12 f        -0.13  (VIOLATED)
   uR2FFT/ubitReverseCounter/ptr_f_reg[6]/D
                                0.25           0.12 f        -0.13  (VIOLATED)
   uR2FFT/ubutterflyUnit/iMemAddr_reg[4]/D
                                0.25           0.12 f        -0.13  (VIOLATED)
   uR2FFT/ubfpacc/bfp_exponent_signed_reg[5]/D
                                0.25           0.13 f        -0.13  (VIOLATED)
   uR2FFT/ubitReverseCounter/ptr_f_reg[0]/D
                                0.25           0.13 f        -0.13  (VIOLATED)
   uR2FFT/ubutterflyUnit/ubutterflyCore/uradix2bt/tmp_a_stage3_reg[0]/D
                                0.25           0.13 f        -0.12  (VIOLATED)
   uR2FFT/ubutterflyUnit/iMemAddr_reg[1]/D
                                0.25           0.13 f        -0.12  (VIOLATED)
   uR2FFT/ubutterflyUnit/oact_reg/D
                                0.25           0.13 f        -0.12  (VIOLATED)
   uR2FFT/ubutterflyUnit/ubutterflyCore/uradix2bt/tmp_i_stage3_reg[0]/D
                                0.25           0.13 f        -0.12  (VIOLATED)
   uR2FFT/ubutterflyUnit/ubutterflyCore/uradix2bt/tmp_r_stage3_reg[0]/D
                                0.25           0.13 f        -0.12  (VIOLATED)
   uR2FFT/ubutterflyUnit/iMemAddr_reg[0]/D
                                0.25           0.14 f        -0.11  (VIOLATED)
   uR2FFT/ubutterflyUnit/ubutterflyCore/uradix2bt/iact_stage2_reg/D
                                0.25           0.14 f        -0.11  (VIOLATED)
   uR2FFT/ubutterflyUnit/wdw_ram0_reg[5]/D
                                0.26           0.15 r        -0.11  (VIOLATED)
   uR2FFT/ubutterflyUnit/wdw_ram0_reg[7]/D
                                0.26           0.15 r        -0.11  (VIOLATED)
   uR2FFT/ubutterflyUnit/wdw_ram0_reg[9]/D
                                0.26           0.15 r        -0.11  (VIOLATED)
   uR2FFT/ubutterflyUnit/wdw_ram0_reg[11]/D
                                0.26           0.15 r        -0.11  (VIOLATED)
   uR2FFT/ubutterflyUnit/wdw_ram0_reg[13]/D
                                0.26           0.15 r        -0.11  (VIOLATED)
   uR2FFT/ubutterflyUnit/wdw_ram0_reg[21]/D
                                0.26           0.15 r        -0.11  (VIOLATED)
   uR2FFT/ubutterflyUnit/wdw_ram0_reg[23]/D
                                0.26           0.15 r        -0.11  (VIOLATED)
   uR2FFT/ubutterflyUnit/wdw_ram0_reg[25]/D
                                0.26           0.15 r        -0.11  (VIOLATED)
   uR2FFT/ubutterflyUnit/wdw_ram0_reg[27]/D
                                0.26           0.15 r        -0.11  (VIOLATED)
   uR2FFT/ubutterflyUnit/wdw_ram0_reg[29]/D
                                0.26           0.15 r        -0.11  (VIOLATED)
   uR2FFT/ubutterflyUnit/wdw_ram1_reg[5]/D
                                0.26           0.15 r        -0.10  (VIOLATED)
   uR2FFT/ubutterflyUnit/wdw_ram1_reg[7]/D
                                0.26           0.15 r        -0.10  (VIOLATED)
   uR2FFT/ubutterflyUnit/wdw_ram1_reg[9]/D
                                0.26           0.15 r        -0.10  (VIOLATED)
   uR2FFT/ubutterflyUnit/wdw_ram1_reg[11]/D
                                0.26           0.15 r        -0.10  (VIOLATED)
   uR2FFT/ubutterflyUnit/wdw_ram1_reg[13]/D
                                0.26           0.15 r        -0.10  (VIOLATED)
   uR2FFT/ubutterflyUnit/wdw_ram1_reg[21]/D
                                0.26           0.15 r        -0.10  (VIOLATED)
   uR2FFT/ubutterflyUnit/wdw_ram1_reg[25]/D
                                0.26           0.15 r        -0.10  (VIOLATED)
   uR2FFT/ubutterflyUnit/wdw_ram1_reg[27]/D
                                0.26           0.15 r        -0.10  (VIOLATED)
   uR2FFT/ubutterflyUnit/wdw_ram1_reg[29]/D
                                0.26           0.15 r        -0.10  (VIOLATED)
   uR2FFT/ubutterflyUnit/wdw_ram0_reg[30]/D
                                0.26           0.16 r        -0.10  (VIOLATED)
   uR2FFT/ubutterflyUnit/wdw_ram0_reg[18]/D
                                0.26           0.16 r        -0.10  (VIOLATED)
   uR2FFT/ufftAddressGenerator/runCount_reg[0]/D
                                0.26           0.16 r        -0.10  (VIOLATED)
   uR2FFT/ufftAddressGenerator/runCount_reg[2]/D
                                0.26           0.16 r        -0.10  (VIOLATED)
   uR2FFT/ubutterflyUnit/wdw_ram0_reg[19]/D
                                0.26           0.16 r        -0.10  (VIOLATED)
   uR2FFT/ubutterflyUnit/wdw_ram0_reg[3]/D
                                0.26           0.16 r        -0.10  (VIOLATED)
   uR2FFT/ufftAddressGenerator/runCount_reg[4]/D
                                0.26           0.16 r        -0.10  (VIOLATED)
   uR2FFT/ubutterflyUnit/ubfp_maxBitWidth/max_bw_f_reg[0]/D
                                0.26           0.16 r        -0.10  (VIOLATED)
   uR2FFT/ubitReverseCounter/ptr_f_reg[9]/D
                                0.26           0.16 r        -0.10  (VIOLATED)
   uR2FFT/ubutterflyUnit/wdw_ram0_reg[20]/D
                                0.26           0.16 r        -0.10  (VIOLATED)
   uR2FFT/ubutterflyUnit/wdw_ram0_reg[24]/D
                                0.26           0.16 r        -0.10  (VIOLATED)
   uR2FFT/ubutterflyUnit/wdw_ram0_reg[26]/D
                                0.26           0.16 r        -0.10  (VIOLATED)
   uR2FFT/ubutterflyUnit/wdw_ram0_reg[28]/D
                                0.26           0.16 r        -0.10  (VIOLATED)
   uR2FFT/ubutterflyUnit/wdw_ram0_reg[4]/D
                                0.26           0.16 r        -0.10  (VIOLATED)
   uR2FFT/ubutterflyUnit/wdw_ram0_reg[6]/D
                                0.26           0.16 r        -0.10  (VIOLATED)
   uR2FFT/ubutterflyUnit/wdw_ram0_reg[8]/D
                                0.26           0.16 r        -0.10  (VIOLATED)
   uR2FFT/ubutterflyUnit/wdw_ram0_reg[10]/D
                                0.26           0.16 r        -0.10  (VIOLATED)
   uR2FFT/ubutterflyUnit/wdw_ram0_reg[12]/D
                                0.26           0.16 r        -0.10  (VIOLATED)
   uR2FFT/ubutterflyUnit/wdw_ram0_reg[22]/D
                                0.26           0.16 r        -0.10  (VIOLATED)
   uR2FFT/ubutterflyUnit/wdw_ram1_reg[10]/D
                                0.26           0.16 r        -0.10  (VIOLATED)
   uR2FFT/ubutterflyUnit/wdw_ram0_reg[14]/D
                                0.26           0.16 r        -0.10  (VIOLATED)
   uR2FFT/ufftAddressGenerator/runCount_reg[8]/D
                                0.26           0.16 r        -0.10  (VIOLATED)
   uR2FFT/ubutterflyUnit/octrl_reg[0]/D
                                0.26           0.17 f        -0.10  (VIOLATED)
   uR2FFT/ubutterflyUnit/octrl_reg[1]/D
                                0.26           0.17 f        -0.10  (VIOLATED)
   uR2FFT/ubutterflyUnit/ubutterflyCore/uradix2bt/ictrl_stage2_reg[0]/D
                                0.26           0.17 f        -0.10  (VIOLATED)
   uR2FFT/ubutterflyUnit/ubutterflyCore/uradix2bt/ictrl_stage2_reg[1]/D
                                0.26           0.17 f        -0.10  (VIOLATED)
   uR2FFT/ubutterflyUnit/wdw_ram0_reg[2]/D
                                0.26           0.17 r        -0.10  (VIOLATED)
   uR2FFT/sb_state_f_reg[0]/D
                                0.25           0.16 f        -0.10  (VIOLATED)
   uR2FFT/ubfpacc/bfp_exponent_signed_reg[2]/D
                                0.26           0.16 r        -0.09  (VIOLATED)
   uR2FFT/ubfpacc/bfp_exponent_signed_reg[4]/D
                                0.26           0.16 r        -0.09  (VIOLATED)
   uR2FFT/ubutterflyUnit/wdw_ram1_reg[3]/D
                                0.26           0.17 r        -0.09  (VIOLATED)
   uR2FFT/ubfp_maxBitWidthIstream/max_bw_f_reg[3]/D
                                0.25           0.16 f        -0.09  (VIOLATED)
   uR2FFT/ubutterflyUnit/ubfp_maxBitWidth/max_bw_f_reg[3]/D
                                0.25           0.16 f        -0.09  (VIOLATED)
   uR2FFT/ubfpacc/bfp_exponent_signed_reg[0]/D
                                0.25           0.16 f        -0.09  (VIOLATED)
   uR2FFT/ubutterflyUnit/wdw_ram1_reg[19]/D
                                0.26           0.17 r        -0.09  (VIOLATED)
   uR2FFT/ubutterflyUnit/wdw_ram1_reg[23]/D
                                0.26           0.17 r        -0.09  (VIOLATED)
   uR2FFT/ubutterflyUnit/wdw_ram1_reg[26]/D
                                0.26           0.17 r        -0.09  (VIOLATED)
   uR2FFT/ubutterflyUnit/wdw_ram1_reg[6]/D
                                0.26           0.17 r        -0.09  (VIOLATED)
   uR2FFT/ubutterflyUnit/wdw_ram1_reg[20]/D
                                0.26           0.17 r        -0.09  (VIOLATED)
   uR2FFT/ubutterflyUnit/wdw_ram1_reg[22]/D
                                0.26           0.17 r        -0.09  (VIOLATED)
   uR2FFT/ubutterflyUnit/wdw_ram1_reg[24]/D
                                0.26           0.17 r        -0.09  (VIOLATED)
   uR2FFT/ubutterflyUnit/wdw_ram1_reg[28]/D
                                0.26           0.17 r        -0.09  (VIOLATED)
   uR2FFT/ubutterflyUnit/wdw_ram1_reg[30]/D
                                0.26           0.17 r        -0.09  (VIOLATED)
   uR2FFT/ubutterflyUnit/wdw_ram1_reg[14]/D
                                0.26           0.17 r        -0.09  (VIOLATED)
   uR2FFT/ubutterflyUnit/wdw_ram1_reg[4]/D
                                0.26           0.17 r        -0.09  (VIOLATED)
   uR2FFT/ubutterflyUnit/wdw_ram1_reg[8]/D
                                0.26           0.17 r        -0.09  (VIOLATED)
   uR2FFT/ubutterflyUnit/wdw_ram1_reg[12]/D
                                0.26           0.17 r        -0.09  (VIOLATED)
   uR2FFT/ubutterflyUnit/wdw_ram1_reg[18]/D
                                0.26           0.17 r        -0.09  (VIOLATED)
   uR2FFT/ubutterflyUnit/wdw_ram0_reg[0]/D
                                0.26           0.17 r        -0.09  (VIOLATED)
   uR2FFT/ubutterflyUnit/wdw_ram0_reg[16]/D
                                0.26           0.17 r        -0.09  (VIOLATED)
   uR2FFT/ubutterflyUnit/wdw_ram0_reg[17]/D
                                0.26           0.17 r        -0.09  (VIOLATED)
   uR2FFT/ubutterflyUnit/wdw_ram0_reg[1]/D
                                0.26           0.17 r        -0.09  (VIOLATED)
   uR2FFT/ubutterflyUnit/wdw_ram1_reg[2]/D
                                0.26           0.17 r        -0.09  (VIOLATED)
   uR2FFT/ubfpacc/bfp_bw_f_reg[2]/D
                                0.26           0.17 r        -0.09  (VIOLATED)
   uR2FFT/ubfpacc/bfp_bw_f_reg[4]/D
                                0.26           0.17 r        -0.09  (VIOLATED)
   uR2FFT/status_f_reg[2]/D     0.25           0.16 f        -0.09  (VIOLATED)
   uR2FFT/ufftAddressGenerator/runCount_reg[6]/D
                                0.26           0.17 r        -0.09  (VIOLATED)
   uR2FFT/sb_state_f_reg[1]/D
                                0.25           0.16 f        -0.09  (VIOLATED)
   uR2FFT/fftStageCount_reg[3]/D
                                0.26           0.17 r        -0.09  (VIOLATED)
   uR2FFT/ubitReverseCounter/ptr_f_reg[2]/D
                                0.26           0.17 r        -0.09  (VIOLATED)
   uR2FFT/ubutterflyUnit/wdw_ram1_reg[16]/D
                                0.26           0.18 r        -0.09  (VIOLATED)
   uR2FFT/ubutterflyUnit/wdw_ram1_reg[17]/D
                                0.26           0.18 r        -0.09  (VIOLATED)
   uR2FFT/ubutterflyUnit/wdw_ram1_reg[0]/D
                                0.26           0.18 r        -0.08  (VIOLATED)
   uR2FFT/ubutterflyUnit/wdw_ram1_reg[1]/D
                                0.26           0.18 r        -0.08  (VIOLATED)
   uR2FFT/ubitReverseCounter/ptr_f_reg[8]/D
                                0.25           0.17 f        -0.08  (VIOLATED)
   uR2FFT/ubfp_maxBitWidthIstream/max_bw_f_reg[0]/D
                                0.25           0.17 f        -0.08  (VIOLATED)
   uR2FFT/ubfpacc/bfp_exponent_signed_reg[3]/D
                                0.25           0.17 f        -0.08  (VIOLATED)
   uR2FFT/ubfpacc/bfp_bw_f_reg[3]/D
                                0.26           0.18 r        -0.08  (VIOLATED)
   uR2FFT/ufftAddressGenerator/runCount_reg[1]/D
                                0.26           0.18 r        -0.08  (VIOLATED)
   uR2FFT/status_f_reg[1]/D     0.25           0.17 f        -0.08  (VIOLATED)
   uR2FFT/ubutterflyUnit/act_reg/D
                                0.25           0.18 f        -0.07  (VIOLATED)
   uR2FFT/sb_state_f_reg[2]/D
                                0.25           0.18 f        -0.07  (VIOLATED)
   uR2FFT/ubfpacc/bfp_bw_f_reg[1]/D
                                0.26           0.18 r        -0.07  (VIOLATED)
   uR2FFT/ufftAddressGenerator/runCount_reg[7]/D
                                0.25           0.18 f        -0.07  (VIOLATED)
   uR2FFT/ubutterflyUnit/wdw_ram0_reg[15]/D
                                0.28           0.20 r        -0.07  (VIOLATED)
   uR2FFT/ubutterflyUnit/ubutterflyCore/uradix2bt/tmp_a_stage3_reg[1]/D
                                0.25           0.18 f        -0.07  (VIOLATED)
   uR2FFT/ubutterflyUnit/wdw_ram0_reg[31]/D
                                0.28           0.21 r        -0.07  (VIOLATED)
   uR2FFT/ubutterflyUnit/iMemAddr_reg[6]/D
                                0.25           0.18 f        -0.07  (VIOLATED)
   uR2FFT/ubutterflyUnit/iMemAddr_reg[8]/D
                                0.25           0.18 f        -0.07  (VIOLATED)
   uR2FFT/ubutterflyUnit/ubutterflyCore/outputStagePipeline/oddPipeData_reg[31]/D
                                0.25           0.18 f        -0.07  (VIOLATED)
   uR2FFT/ubutterflyUnit/wdw_ram1_reg[31]/D
                                0.27           0.21 r        -0.07  (VIOLATED)
   uR2FFT/ubutterflyUnit/iMemAddr_reg[5]/D
                                0.25           0.19 f        -0.07  (VIOLATED)
   uR2FFT/ubutterflyUnit/wdw_ram1_reg[15]/D
                                0.28           0.21 r        -0.06  (VIOLATED)
   uR2FFT/ubfpacc/bfp_bw_f_reg[0]/D
                                0.26           0.19 r        -0.06  (VIOLATED)
   uR2FFT/ufftAddressGenerator/runCount_reg[5]/D
                                0.25           0.19 f        -0.06  (VIOLATED)
   uR2FFT/ubutterflyUnit/iMemAddr_reg[7]/D
                                0.26           0.20 r        -0.06  (VIOLATED)
   uR2FFT/status_f_reg[0]/D     0.25           0.19 f        -0.06  (VIOLATED)
   uR2FFT/ubutterflyUnit/ubutterflyCore/outputStagePipeline/oddPipeData_reg[15]/D
                                0.25           0.19 f        -0.06  (VIOLATED)
   uR2FFT/ubutterflyUnit/iMemAddr_reg[2]/D
                                0.26           0.20 r        -0.06  (VIOLATED)
   uR2FFT/ubutterflyUnit/ubutterflyCore/inputStagePipeline/evenPipeData_reg[31]/D
                                0.26           0.20 r        -0.06  (VIOLATED)
   uR2FFT/ufftAddressGenerator/runCount_reg[3]/D
                                0.25           0.19 f        -0.06  (VIOLATED)
   uR2FFT/ubutterflyUnit/iMemAddr_reg[3]/D
                                0.25           0.20 f        -0.05  (VIOLATED)
   uR2FFT/ubutterflyUnit/ubutterflyCore/outputStagePipeline/oddPipeData_reg[17]/D
                                0.25           0.20 f        -0.05  (VIOLATED)
   uR2FFT/ubutterflyUnit/ubutterflyCore/outputStagePipeline/oddPipeData_reg[2]/D
                                0.25           0.20 f        -0.05  (VIOLATED)
   uR2FFT/ubutterflyUnit/ubutterflyCore/outputStagePipeline/oddPipeData_reg[3]/D
                                0.25           0.20 f        -0.05  (VIOLATED)
   uR2FFT/ubutterflyUnit/ubutterflyCore/outputStagePipeline/oddPipeData_reg[4]/D
                                0.25           0.20 f        -0.05  (VIOLATED)
   uR2FFT/ubutterflyUnit/ubutterflyCore/outputStagePipeline/oddPipeData_reg[5]/D
                                0.25           0.20 f        -0.05  (VIOLATED)
   uR2FFT/ubutterflyUnit/ubutterflyCore/outputStagePipeline/oddPipeData_reg[6]/D
                                0.25           0.20 f        -0.05  (VIOLATED)
   uR2FFT/ubutterflyUnit/ubutterflyCore/outputStagePipeline/oddPipeData_reg[7]/D
                                0.25           0.20 f        -0.05  (VIOLATED)
   uR2FFT/ubutterflyUnit/ubutterflyCore/outputStagePipeline/oddPipeData_reg[8]/D
                                0.25           0.20 f        -0.05  (VIOLATED)
   uR2FFT/ubutterflyUnit/ubutterflyCore/outputStagePipeline/oddPipeData_reg[9]/D
                                0.25           0.20 f        -0.05  (VIOLATED)
   uR2FFT/ubutterflyUnit/ubutterflyCore/outputStagePipeline/oddPipeData_reg[10]/D
                                0.25           0.20 f        -0.05  (VIOLATED)
   uR2FFT/ubutterflyUnit/ubutterflyCore/outputStagePipeline/oddPipeData_reg[11]/D
                                0.25           0.20 f        -0.05  (VIOLATED)
   uR2FFT/ubutterflyUnit/ubutterflyCore/outputStagePipeline/oddPipeData_reg[12]/D
                                0.25           0.20 f        -0.05  (VIOLATED)
   uR2FFT/ubutterflyUnit/ubutterflyCore/outputStagePipeline/oddPipeData_reg[13]/D
                                0.25           0.20 f        -0.05  (VIOLATED)
   uR2FFT/ubutterflyUnit/ubutterflyCore/outputStagePipeline/oddPipeData_reg[14]/D
                                0.25           0.20 f        -0.05  (VIOLATED)
   uR2FFT/ubutterflyUnit/ubutterflyCore/outputStagePipeline/oddPipeData_reg[18]/D
                                0.25           0.20 f        -0.05  (VIOLATED)
   uR2FFT/ubutterflyUnit/ubutterflyCore/outputStagePipeline/oddPipeData_reg[19]/D
                                0.25           0.20 f        -0.05  (VIOLATED)
   uR2FFT/ubutterflyUnit/ubutterflyCore/outputStagePipeline/oddPipeData_reg[20]/D
                                0.25           0.20 f        -0.05  (VIOLATED)
   uR2FFT/ubutterflyUnit/ubutterflyCore/outputStagePipeline/oddPipeData_reg[21]/D
                                0.25           0.20 f        -0.05  (VIOLATED)
   uR2FFT/ubutterflyUnit/ubutterflyCore/outputStagePipeline/oddPipeData_reg[22]/D
                                0.25           0.20 f        -0.05  (VIOLATED)
   uR2FFT/ubutterflyUnit/ubutterflyCore/outputStagePipeline/oddPipeData_reg[23]/D
                                0.25           0.20 f        -0.05  (VIOLATED)
   uR2FFT/ubutterflyUnit/ubutterflyCore/outputStagePipeline/oddPipeData_reg[24]/D
                                0.25           0.20 f        -0.05  (VIOLATED)
   uR2FFT/ubutterflyUnit/ubutterflyCore/outputStagePipeline/oddPipeData_reg[25]/D
                                0.25           0.20 f        -0.05  (VIOLATED)
   uR2FFT/ubutterflyUnit/ubutterflyCore/outputStagePipeline/oddPipeData_reg[26]/D
                                0.25           0.20 f        -0.05  (VIOLATED)
   uR2FFT/ubutterflyUnit/ubutterflyCore/outputStagePipeline/oddPipeData_reg[27]/D
                                0.25           0.20 f        -0.05  (VIOLATED)
   uR2FFT/ubutterflyUnit/ubutterflyCore/outputStagePipeline/oddPipeData_reg[28]/D
                                0.25           0.20 f        -0.05  (VIOLATED)
   uR2FFT/ubutterflyUnit/ubutterflyCore/outputStagePipeline/oddPipeData_reg[29]/D
                                0.25           0.20 f        -0.05  (VIOLATED)
   uR2FFT/ubutterflyUnit/ubutterflyCore/outputStagePipeline/oddPipeData_reg[30]/D
                                0.25           0.20 f        -0.05  (VIOLATED)
   uR2FFT/ubutterflyUnit/ubutterflyCore/outputStagePipeline/oddPipeData_reg[1]/D
                                0.25           0.20 f        -0.05  (VIOLATED)
   uR2FFT/ubutterflyUnit/ubutterflyCore/uradix2bt/tmp_i_stage3_reg[3]/D
                                0.25           0.21 f        -0.04  (VIOLATED)
   uR2FFT/fftStageCount_reg[0]/D
                                0.25           0.21 f        -0.04  (VIOLATED)
   uR2FFT/ubutterflyUnit/ctrl_reg[1]/D
                                0.26           0.21 r        -0.04  (VIOLATED)
   uR2FFT/ubutterflyUnit/ubutterflyCore/outputStagePipeline/oddPipeData_reg[0]/D
                                0.25           0.21 f        -0.04  (VIOLATED)
   uR2FFT/ubutterflyUnit/ubutterflyCore/outputStagePipeline/oddPipeData_reg[16]/D
                                0.25           0.21 f        -0.04  (VIOLATED)
   uR2FFT/ubutterflyUnit/ubutterflyCore/uradix2bt/tmp_a_stage3_reg[2]/D
                                0.26           0.22 r        -0.04  (VIOLATED)
   uR2FFT/ufftAddressGenerator/runCount_full_f_reg/D
                                0.25           0.22 f        -0.03  (VIOLATED)
   uR2FFT/ubutterflyUnit/ubutterflyCore/uradix2bt/tmp_i_stage3_reg[1]/D
                                0.26           0.22 r        -0.03  (VIOLATED)
   uR2FFT/ubutterflyUnit/ubutterflyCore/uradix2bt/tmp_r_stage3_reg[1]/D
                                0.26           0.23 r        -0.03  (VIOLATED)
   uR2FFT/ubutterflyUnit/ubutterflyCore/uradix2bt/xbuf_imag_stage2_reg[15]/D
                                0.26           0.23 r        -0.03  (VIOLATED)
   uR2FFT/ubutterflyUnit/ubutterflyCore/uradix2bt/xbuf_real_stage2_reg[15]/D
                                0.26           0.23 r        -0.03  (VIOLATED)
   uR2FFT/ubutterflyUnit/ubutterflyCore/inputStagePipeline/evenPipeData_reg[26]/D
                                0.25           0.23 f        -0.02  (VIOLATED)
   uR2FFT/ubutterflyUnit/ubutterflyCore/uradix2bt/tmp_a_stage3_reg[31]/D
                                0.25           0.23 f        -0.02  (VIOLATED)
   uR2FFT/ubutterflyUnit/ubutterflyCore/uradix2bt/dst_opa_imag_stage2_reg[15]/D
                                0.26           0.24 r        -0.02  (VIOLATED)
   uR2FFT/ubutterflyUnit/ubutterflyCore/uradix2bt/dst_opa_real_stage2_reg[15]/D
                                0.26           0.24 r        -0.02  (VIOLATED)
   uR2FFT/ubutterflyUnit/ubutterflyCore/uradix2bt/dst_opa_imag_stage2_reg[0]/D
                                0.25           0.24 f        -0.01  (VIOLATED)
   uR2FFT/ubutterflyUnit/ubutterflyCore/uradix2bt/dst_opa_real_stage2_reg[0]/D
                                0.25           0.24 f        -0.01  (VIOLATED)
   uR2FFT/ubutterflyUnit/ubutterflyCore/uradix2bt/dst_opa_real_stage2_reg[14]/D
                                0.26           0.25 r        -0.01  (VIOLATED)
   uR2FFT/ubutterflyUnit/ubutterflyCore/uradix2bt/dst_opa_imag_stage2_reg[14]/D
                                0.26           0.25 r        -0.01  (VIOLATED)
   uR2FFT/ubutterflyUnit/bw_ramwrite_dly_reg[0]/D
                                0.26           0.25 r        -0.01  (VIOLATED)
   uR2FFT/ubutterflyUnit/ctrl_reg[0]/D
                                0.25           0.25 f        -0.01  (VIOLATED)
   uR2FFT/ubutterflyUnit/ubutterflyCore/inputStagePipeline/evenPipeData_reg[24]/D
                                0.25           0.25 f        -0.01  (VIOLATED)
   uR2FFT/ubutterflyUnit/ubutterflyCore/inputStagePipeline/evenPipeData_reg[25]/D
                                0.25           0.25 f        -0.01  (VIOLATED)
   uR2FFT/ubutterflyUnit/ubutterflyCore/inputStagePipeline/evenPipeData_reg[27]/D
                                0.25           0.25 f        -0.01  (VIOLATED)
   uR2FFT/ubutterflyUnit/ubutterflyCore/inputStagePipeline/evenPipeData_reg[28]/D
                                0.25           0.25 f        -0.01  (VIOLATED)
   uR2FFT/ubutterflyUnit/ubutterflyCore/inputStagePipeline/evenPipeData_reg[29]/D
                                0.25           0.25 f        -0.01  (VIOLATED)
   uR2FFT/ubutterflyUnit/ubutterflyCore/uradix2bt/dst_opa_imag_stage2_reg[11]/D
                                0.26           0.25 r         0.00  (VIOLATED: increase significant digits)
   uR2FFT/ubutterflyUnit/ubutterflyCore/uradix2bt/dst_opa_imag_stage2_reg[13]/D
                                0.26           0.25 r         0.00  (VIOLATED: increase significant digits)
   uR2FFT/ubutterflyUnit/ubutterflyCore/uradix2bt/dst_opa_real_stage2_reg[11]/D
                                0.26           0.25 r         0.00  (VIOLATED: increase significant digits)
   uR2FFT/ubutterflyUnit/ubutterflyCore/uradix2bt/dst_opa_real_stage2_reg[13]/D
                                0.26           0.25 r         0.00  (VIOLATED: increase significant digits)
   uR2FFT/ubutterflyUnit/ubutterflyCore/uradix2bt/xbuf_real_stage2_reg[2]/D
                                0.26           0.26 r         0.00  (VIOLATED: increase significant digits)
   uR2FFT/ubutterflyUnit/ubutterflyCore/uradix2bt/xbuf_real_stage2_reg[4]/D
                                0.26           0.26 r         0.00  (VIOLATED: increase significant digits)
   uR2FFT/ubutterflyUnit/ubutterflyCore/uradix2bt/xbuf_real_stage2_reg[6]/D
                                0.26           0.26 r         0.00  (VIOLATED: increase significant digits)
   uR2FFT/ubutterflyUnit/ubutterflyCore/uradix2bt/xbuf_real_stage2_reg[8]/D
                                0.26           0.26 r         0.00  (VIOLATED: increase significant digits)
   uR2FFT/ubutterflyUnit/ubutterflyCore/uradix2bt/tmp_r_stage3_reg[3]/D
                                0.26           0.25 r         0.00  (VIOLATED: increase significant digits)
   uR2FFT/ubutterflyUnit/ubutterflyCore/inputStagePipeline/evenPipeData_reg[1]/D
                                0.25           0.25 f         0.00  (VIOLATED: increase significant digits)
   uR2FFT/ubutterflyUnit/ubutterflyCore/uradix2bt/xbuf_imag_stage2_reg[2]/D
                                0.26           0.26 r         0.00  (VIOLATED: increase significant digits)
   uR2FFT/ubutterflyUnit/ubutterflyCore/uradix2bt/xbuf_imag_stage2_reg[4]/D
                                0.26           0.26 r         0.00  (VIOLATED: increase significant digits)
   uR2FFT/ubutterflyUnit/ubutterflyCore/uradix2bt/xbuf_imag_stage2_reg[6]/D
                                0.26           0.26 r         0.00  (VIOLATED: increase significant digits)
   uR2FFT/ubutterflyUnit/ubutterflyCore/uradix2bt/xbuf_imag_stage2_reg[8]/D
                                0.26           0.26 r         0.00  (VIOLATED: increase significant digits)
   uR2FFT/ubutterflyUnit/ubutterflyCore/inputStagePipeline/evenPipeData_reg[2]/D
                                0.25           0.25 f         0.00  (VIOLATED: increase significant digits)
   uR2FFT/ubutterflyUnit/ubutterflyCore/inputStagePipeline/evenPipeData_reg[3]/D
                                0.25           0.25 f         0.00  (VIOLATED: increase significant digits)


1
