 
****************************************
check_design summary:
Version:     R-2020.09-SP4
Date:        Thu Jan  2 14:45:28 2025
****************************************

                   Name                                            Total
--------------------------------------------------------------------------------
Inputs/Outputs                                                    169
    Multiply driven inputs (LINT-6)                                31
    Unconnected ports (LINT-28)                                     1
    Feedthrough (LINT-29)                                          84
    Shorted outputs (LINT-31)                                      53

Cells                                                              44
    Cells do not drive (LINT-1)                                    11
    Connected to power or ground (LINT-32)                         32
    Nets connected to multiple pins on same cell (LINT-33)          1

Tristate                                                          115
    A tristate bus has a non tri-state driver (LINT-34)           115
--------------------------------------------------------------------------------

Warning: In design 'R2FFT_FFT_LENGTH1024_FFT_DW16_PL_DEPTH3', cell 'C824' does not drive any nets. (LINT-1)
Warning: In design 'bitReverseCounter_BIT_WIDTH10', cell 'C61' does not drive any nets. (LINT-1)
Warning: In design 'bfp_bitWidthDetector_FFT_BFPDW5_FFT_DW16', cell 'B_50' does not drive any nets. (LINT-1)
Warning: In design 'bfp_bitWidthDetector_FFT_BFPDW5_FFT_DW16', cell 'B_51' does not drive any nets. (LINT-1)
Warning: In design 'bfp_bitWidthDetector_FFT_BFPDW5_FFT_DW16', cell 'B_52' does not drive any nets. (LINT-1)
Warning: In design 'bfp_bitWidthDetector_FFT_BFPDW5_FFT_DW16', cell 'B_53' does not drive any nets. (LINT-1)
Warning: In design 'bfp_maxBitWidth_FFT_BFPDW5', cell 'C66' does not drive any nets. (LINT-1)
Warning: In design 'bfp_bitWidthAcc_FFT_BFPDW5_FFT_DW16', cell 'B_5' does not drive any nets. (LINT-1)
Warning: In design 'bfp_bitWidthAcc_FFT_BFPDW5_FFT_DW16', cell 'C128' does not drive any nets. (LINT-1)
Warning: In design 'fftAddressGenerator_FFT_N10_STAGE_COUNT_BW4', cell 'B_6' does not drive any nets. (LINT-1)
Warning: In design 'bfp_Shifter_FFT_DW16_FFT_BFPDW5', cell 'B_1' does not drive any nets. (LINT-1)
Warning: In design 'r2fft_top', input port 'clk' drives wired logic; the port direction may have been specified incorrectly. (LINT-6)
Warning: In design 'butterflyUnit_FFT_N10_FFT_DW16_FFT_BFPDW5_PL_DEPTH3', input port 'clk' drives wired logic; the port direction may have been specified incorrectly. (LINT-6)
Warning: In design 'butterflyUnit_FFT_N10_FFT_DW16_FFT_BFPDW5_PL_DEPTH3', input port 'rst' drives wired logic; the port direction may have been specified incorrectly. (LINT-6)
Warning: In design 'butterflyUnit_FFT_N10_FFT_DW16_FFT_BFPDW5_PL_DEPTH3', input port 'iact' drives wired logic; the port direction may have been specified incorrectly. (LINT-6)
Warning: In design 'butterflyUnit_FFT_N10_FFT_DW16_FFT_BFPDW5_PL_DEPTH3', input port 'twiddleFactorAddr[8]' drives wired logic; the port direction may have been specified incorrectly. (LINT-6)
Warning: In design 'butterflyUnit_FFT_N10_FFT_DW16_FFT_BFPDW5_PL_DEPTH3', input port 'twiddleFactorAddr[7]' drives wired logic; the port direction may have been specified incorrectly. (LINT-6)
Warning: In design 'butterflyUnit_FFT_N10_FFT_DW16_FFT_BFPDW5_PL_DEPTH3', input port 'twiddleFactorAddr[6]' drives wired logic; the port direction may have been specified incorrectly. (LINT-6)
Warning: In design 'butterflyUnit_FFT_N10_FFT_DW16_FFT_BFPDW5_PL_DEPTH3', input port 'twiddleFactorAddr[5]' drives wired logic; the port direction may have been specified incorrectly. (LINT-6)
Warning: In design 'butterflyUnit_FFT_N10_FFT_DW16_FFT_BFPDW5_PL_DEPTH3', input port 'twiddleFactorAddr[4]' drives wired logic; the port direction may have been specified incorrectly. (LINT-6)
Warning: In design 'butterflyUnit_FFT_N10_FFT_DW16_FFT_BFPDW5_PL_DEPTH3', input port 'twiddleFactorAddr[3]' drives wired logic; the port direction may have been specified incorrectly. (LINT-6)
Warning: In design 'butterflyUnit_FFT_N10_FFT_DW16_FFT_BFPDW5_PL_DEPTH3', input port 'twiddleFactorAddr[2]' drives wired logic; the port direction may have been specified incorrectly. (LINT-6)
Warning: In design 'butterflyUnit_FFT_N10_FFT_DW16_FFT_BFPDW5_PL_DEPTH3', input port 'twiddleFactorAddr[1]' drives wired logic; the port direction may have been specified incorrectly. (LINT-6)
Warning: In design 'butterflyUnit_FFT_N10_FFT_DW16_FFT_BFPDW5_PL_DEPTH3', input port 'twiddleFactorAddr[0]' drives wired logic; the port direction may have been specified incorrectly. (LINT-6)
Warning: In design 'butterflyUnit_FFT_N10_FFT_DW16_FFT_BFPDW5_PL_DEPTH3', input port 'evenOdd' drives wired logic; the port direction may have been specified incorrectly. (LINT-6)
Warning: In design 'butterflyUnit_FFT_N10_FFT_DW16_FFT_BFPDW5_PL_DEPTH3', input port 'ifft' drives wired logic; the port direction may have been specified incorrectly. (LINT-6)
Warning: In design 'butterflyUnit_FFT_N10_FFT_DW16_FFT_BFPDW5_PL_DEPTH3', input port 'twdr_cos[15]' drives wired logic; the port direction may have been specified incorrectly. (LINT-6)
Warning: In design 'butterflyUnit_FFT_N10_FFT_DW16_FFT_BFPDW5_PL_DEPTH3', input port 'twdr_cos[14]' drives wired logic; the port direction may have been specified incorrectly. (LINT-6)
Warning: In design 'butterflyUnit_FFT_N10_FFT_DW16_FFT_BFPDW5_PL_DEPTH3', input port 'twdr_cos[13]' drives wired logic; the port direction may have been specified incorrectly. (LINT-6)
Warning: In design 'butterflyUnit_FFT_N10_FFT_DW16_FFT_BFPDW5_PL_DEPTH3', input port 'twdr_cos[12]' drives wired logic; the port direction may have been specified incorrectly. (LINT-6)
Warning: In design 'butterflyUnit_FFT_N10_FFT_DW16_FFT_BFPDW5_PL_DEPTH3', input port 'twdr_cos[11]' drives wired logic; the port direction may have been specified incorrectly. (LINT-6)
Warning: In design 'butterflyUnit_FFT_N10_FFT_DW16_FFT_BFPDW5_PL_DEPTH3', input port 'twdr_cos[10]' drives wired logic; the port direction may have been specified incorrectly. (LINT-6)
Warning: In design 'butterflyUnit_FFT_N10_FFT_DW16_FFT_BFPDW5_PL_DEPTH3', input port 'twdr_cos[9]' drives wired logic; the port direction may have been specified incorrectly. (LINT-6)
Warning: In design 'butterflyUnit_FFT_N10_FFT_DW16_FFT_BFPDW5_PL_DEPTH3', input port 'twdr_cos[8]' drives wired logic; the port direction may have been specified incorrectly. (LINT-6)
Warning: In design 'butterflyUnit_FFT_N10_FFT_DW16_FFT_BFPDW5_PL_DEPTH3', input port 'twdr_cos[7]' drives wired logic; the port direction may have been specified incorrectly. (LINT-6)
Warning: In design 'butterflyUnit_FFT_N10_FFT_DW16_FFT_BFPDW5_PL_DEPTH3', input port 'twdr_cos[6]' drives wired logic; the port direction may have been specified incorrectly. (LINT-6)
Warning: In design 'butterflyUnit_FFT_N10_FFT_DW16_FFT_BFPDW5_PL_DEPTH3', input port 'twdr_cos[5]' drives wired logic; the port direction may have been specified incorrectly. (LINT-6)
Warning: In design 'butterflyUnit_FFT_N10_FFT_DW16_FFT_BFPDW5_PL_DEPTH3', input port 'twdr_cos[4]' drives wired logic; the port direction may have been specified incorrectly. (LINT-6)
Warning: In design 'butterflyUnit_FFT_N10_FFT_DW16_FFT_BFPDW5_PL_DEPTH3', input port 'twdr_cos[3]' drives wired logic; the port direction may have been specified incorrectly. (LINT-6)
Warning: In design 'butterflyUnit_FFT_N10_FFT_DW16_FFT_BFPDW5_PL_DEPTH3', input port 'twdr_cos[2]' drives wired logic; the port direction may have been specified incorrectly. (LINT-6)
Warning: In design 'butterflyUnit_FFT_N10_FFT_DW16_FFT_BFPDW5_PL_DEPTH3', input port 'twdr_cos[1]' drives wired logic; the port direction may have been specified incorrectly. (LINT-6)
Warning: In design 'butterflyUnit_FFT_N10_FFT_DW16_FFT_BFPDW5_PL_DEPTH3', input port 'twdr_cos[0]' drives wired logic; the port direction may have been specified incorrectly. (LINT-6)
Warning: In design 'butterflyCore_FFT_N10_FFT_DW16_FFT_BFPDW5_PL_DEPTH3', port 'clr_bfp' is not connected to any nets. (LINT-28)
Warning: In design 'butterflyUnit_FFT_N10_FFT_DW16_FFT_BFPDW5_PL_DEPTH3', input port 'iact' is connected directly to output port 'ract_ram1'. (LINT-29)
Warning: In design 'butterflyUnit_FFT_N10_FFT_DW16_FFT_BFPDW5_PL_DEPTH3', input port 'iact' is connected directly to output port 'ract_ram0'. (LINT-29)
Warning: In design 'butterflyUnit_FFT_N10_FFT_DW16_FFT_BFPDW5_PL_DEPTH3', input port 'MemAddr[8]' is connected directly to output port 'ra_ram1[8]'. (LINT-29)
Warning: In design 'butterflyUnit_FFT_N10_FFT_DW16_FFT_BFPDW5_PL_DEPTH3', input port 'MemAddr[8]' is connected directly to output port 'ra_ram0[8]'. (LINT-29)
Warning: In design 'butterflyUnit_FFT_N10_FFT_DW16_FFT_BFPDW5_PL_DEPTH3', input port 'MemAddr[7]' is connected directly to output port 'ra_ram1[7]'. (LINT-29)
Warning: In design 'butterflyUnit_FFT_N10_FFT_DW16_FFT_BFPDW5_PL_DEPTH3', input port 'MemAddr[7]' is connected directly to output port 'ra_ram0[7]'. (LINT-29)
Warning: In design 'butterflyUnit_FFT_N10_FFT_DW16_FFT_BFPDW5_PL_DEPTH3', input port 'MemAddr[6]' is connected directly to output port 'ra_ram1[6]'. (LINT-29)
Warning: In design 'butterflyUnit_FFT_N10_FFT_DW16_FFT_BFPDW5_PL_DEPTH3', input port 'MemAddr[6]' is connected directly to output port 'ra_ram0[6]'. (LINT-29)
Warning: In design 'butterflyUnit_FFT_N10_FFT_DW16_FFT_BFPDW5_PL_DEPTH3', input port 'MemAddr[5]' is connected directly to output port 'ra_ram1[5]'. (LINT-29)
Warning: In design 'butterflyUnit_FFT_N10_FFT_DW16_FFT_BFPDW5_PL_DEPTH3', input port 'MemAddr[5]' is connected directly to output port 'ra_ram0[5]'. (LINT-29)
Warning: In design 'butterflyUnit_FFT_N10_FFT_DW16_FFT_BFPDW5_PL_DEPTH3', input port 'MemAddr[4]' is connected directly to output port 'ra_ram1[4]'. (LINT-29)
Warning: In design 'butterflyUnit_FFT_N10_FFT_DW16_FFT_BFPDW5_PL_DEPTH3', input port 'MemAddr[4]' is connected directly to output port 'ra_ram0[4]'. (LINT-29)
Warning: In design 'butterflyUnit_FFT_N10_FFT_DW16_FFT_BFPDW5_PL_DEPTH3', input port 'MemAddr[3]' is connected directly to output port 'ra_ram1[3]'. (LINT-29)
Warning: In design 'butterflyUnit_FFT_N10_FFT_DW16_FFT_BFPDW5_PL_DEPTH3', input port 'MemAddr[3]' is connected directly to output port 'ra_ram0[3]'. (LINT-29)
Warning: In design 'butterflyUnit_FFT_N10_FFT_DW16_FFT_BFPDW5_PL_DEPTH3', input port 'MemAddr[2]' is connected directly to output port 'ra_ram1[2]'. (LINT-29)
Warning: In design 'butterflyUnit_FFT_N10_FFT_DW16_FFT_BFPDW5_PL_DEPTH3', input port 'MemAddr[2]' is connected directly to output port 'ra_ram0[2]'. (LINT-29)
Warning: In design 'butterflyUnit_FFT_N10_FFT_DW16_FFT_BFPDW5_PL_DEPTH3', input port 'MemAddr[1]' is connected directly to output port 'ra_ram1[1]'. (LINT-29)
Warning: In design 'butterflyUnit_FFT_N10_FFT_DW16_FFT_BFPDW5_PL_DEPTH3', input port 'MemAddr[1]' is connected directly to output port 'ra_ram0[1]'. (LINT-29)
Warning: In design 'butterflyUnit_FFT_N10_FFT_DW16_FFT_BFPDW5_PL_DEPTH3', input port 'MemAddr[0]' is connected directly to output port 'ra_ram1[0]'. (LINT-29)
Warning: In design 'butterflyUnit_FFT_N10_FFT_DW16_FFT_BFPDW5_PL_DEPTH3', input port 'MemAddr[0]' is connected directly to output port 'ra_ram0[0]'. (LINT-29)
Warning: In design 'readBusMux_FFT_N10_FFT_DW16_MODE_INPUT_STREAM0_MODE_RUN_FFT1_MODE_DMA2_MODE_DISABLE3', input port 'rdr_ram[31]' is connected directly to output port 'rdr_dma[31]'. (LINT-29)
Warning: In design 'readBusMux_FFT_N10_FFT_DW16_MODE_INPUT_STREAM0_MODE_RUN_FFT1_MODE_DMA2_MODE_DISABLE3', input port 'rdr_ram[31]' is connected directly to output port 'rdr_fft[31]'. (LINT-29)
Warning: In design 'readBusMux_FFT_N10_FFT_DW16_MODE_INPUT_STREAM0_MODE_RUN_FFT1_MODE_DMA2_MODE_DISABLE3', input port 'rdr_ram[30]' is connected directly to output port 'rdr_dma[30]'. (LINT-29)
Warning: In design 'readBusMux_FFT_N10_FFT_DW16_MODE_INPUT_STREAM0_MODE_RUN_FFT1_MODE_DMA2_MODE_DISABLE3', input port 'rdr_ram[30]' is connected directly to output port 'rdr_fft[30]'. (LINT-29)
Warning: In design 'readBusMux_FFT_N10_FFT_DW16_MODE_INPUT_STREAM0_MODE_RUN_FFT1_MODE_DMA2_MODE_DISABLE3', input port 'rdr_ram[29]' is connected directly to output port 'rdr_dma[29]'. (LINT-29)
Warning: In design 'readBusMux_FFT_N10_FFT_DW16_MODE_INPUT_STREAM0_MODE_RUN_FFT1_MODE_DMA2_MODE_DISABLE3', input port 'rdr_ram[29]' is connected directly to output port 'rdr_fft[29]'. (LINT-29)
Warning: In design 'readBusMux_FFT_N10_FFT_DW16_MODE_INPUT_STREAM0_MODE_RUN_FFT1_MODE_DMA2_MODE_DISABLE3', input port 'rdr_ram[28]' is connected directly to output port 'rdr_dma[28]'. (LINT-29)
Warning: In design 'readBusMux_FFT_N10_FFT_DW16_MODE_INPUT_STREAM0_MODE_RUN_FFT1_MODE_DMA2_MODE_DISABLE3', input port 'rdr_ram[28]' is connected directly to output port 'rdr_fft[28]'. (LINT-29)
Warning: In design 'readBusMux_FFT_N10_FFT_DW16_MODE_INPUT_STREAM0_MODE_RUN_FFT1_MODE_DMA2_MODE_DISABLE3', input port 'rdr_ram[27]' is connected directly to output port 'rdr_dma[27]'. (LINT-29)
Warning: In design 'readBusMux_FFT_N10_FFT_DW16_MODE_INPUT_STREAM0_MODE_RUN_FFT1_MODE_DMA2_MODE_DISABLE3', input port 'rdr_ram[27]' is connected directly to output port 'rdr_fft[27]'. (LINT-29)
Warning: In design 'readBusMux_FFT_N10_FFT_DW16_MODE_INPUT_STREAM0_MODE_RUN_FFT1_MODE_DMA2_MODE_DISABLE3', input port 'rdr_ram[26]' is connected directly to output port 'rdr_dma[26]'. (LINT-29)
Warning: In design 'readBusMux_FFT_N10_FFT_DW16_MODE_INPUT_STREAM0_MODE_RUN_FFT1_MODE_DMA2_MODE_DISABLE3', input port 'rdr_ram[26]' is connected directly to output port 'rdr_fft[26]'. (LINT-29)
Warning: In design 'readBusMux_FFT_N10_FFT_DW16_MODE_INPUT_STREAM0_MODE_RUN_FFT1_MODE_DMA2_MODE_DISABLE3', input port 'rdr_ram[25]' is connected directly to output port 'rdr_dma[25]'. (LINT-29)
Warning: In design 'readBusMux_FFT_N10_FFT_DW16_MODE_INPUT_STREAM0_MODE_RUN_FFT1_MODE_DMA2_MODE_DISABLE3', input port 'rdr_ram[25]' is connected directly to output port 'rdr_fft[25]'. (LINT-29)
Warning: In design 'readBusMux_FFT_N10_FFT_DW16_MODE_INPUT_STREAM0_MODE_RUN_FFT1_MODE_DMA2_MODE_DISABLE3', input port 'rdr_ram[24]' is connected directly to output port 'rdr_dma[24]'. (LINT-29)
Warning: In design 'readBusMux_FFT_N10_FFT_DW16_MODE_INPUT_STREAM0_MODE_RUN_FFT1_MODE_DMA2_MODE_DISABLE3', input port 'rdr_ram[24]' is connected directly to output port 'rdr_fft[24]'. (LINT-29)
Warning: In design 'readBusMux_FFT_N10_FFT_DW16_MODE_INPUT_STREAM0_MODE_RUN_FFT1_MODE_DMA2_MODE_DISABLE3', input port 'rdr_ram[23]' is connected directly to output port 'rdr_dma[23]'. (LINT-29)
Warning: In design 'readBusMux_FFT_N10_FFT_DW16_MODE_INPUT_STREAM0_MODE_RUN_FFT1_MODE_DMA2_MODE_DISABLE3', input port 'rdr_ram[23]' is connected directly to output port 'rdr_fft[23]'. (LINT-29)
Warning: In design 'readBusMux_FFT_N10_FFT_DW16_MODE_INPUT_STREAM0_MODE_RUN_FFT1_MODE_DMA2_MODE_DISABLE3', input port 'rdr_ram[22]' is connected directly to output port 'rdr_dma[22]'. (LINT-29)
Warning: In design 'readBusMux_FFT_N10_FFT_DW16_MODE_INPUT_STREAM0_MODE_RUN_FFT1_MODE_DMA2_MODE_DISABLE3', input port 'rdr_ram[22]' is connected directly to output port 'rdr_fft[22]'. (LINT-29)
Warning: In design 'readBusMux_FFT_N10_FFT_DW16_MODE_INPUT_STREAM0_MODE_RUN_FFT1_MODE_DMA2_MODE_DISABLE3', input port 'rdr_ram[21]' is connected directly to output port 'rdr_dma[21]'. (LINT-29)
Warning: In design 'readBusMux_FFT_N10_FFT_DW16_MODE_INPUT_STREAM0_MODE_RUN_FFT1_MODE_DMA2_MODE_DISABLE3', input port 'rdr_ram[21]' is connected directly to output port 'rdr_fft[21]'. (LINT-29)
Warning: In design 'readBusMux_FFT_N10_FFT_DW16_MODE_INPUT_STREAM0_MODE_RUN_FFT1_MODE_DMA2_MODE_DISABLE3', input port 'rdr_ram[20]' is connected directly to output port 'rdr_dma[20]'. (LINT-29)
Warning: In design 'readBusMux_FFT_N10_FFT_DW16_MODE_INPUT_STREAM0_MODE_RUN_FFT1_MODE_DMA2_MODE_DISABLE3', input port 'rdr_ram[20]' is connected directly to output port 'rdr_fft[20]'. (LINT-29)
Warning: In design 'readBusMux_FFT_N10_FFT_DW16_MODE_INPUT_STREAM0_MODE_RUN_FFT1_MODE_DMA2_MODE_DISABLE3', input port 'rdr_ram[19]' is connected directly to output port 'rdr_dma[19]'. (LINT-29)
Warning: In design 'readBusMux_FFT_N10_FFT_DW16_MODE_INPUT_STREAM0_MODE_RUN_FFT1_MODE_DMA2_MODE_DISABLE3', input port 'rdr_ram[19]' is connected directly to output port 'rdr_fft[19]'. (LINT-29)
Warning: In design 'readBusMux_FFT_N10_FFT_DW16_MODE_INPUT_STREAM0_MODE_RUN_FFT1_MODE_DMA2_MODE_DISABLE3', input port 'rdr_ram[18]' is connected directly to output port 'rdr_dma[18]'. (LINT-29)
Warning: In design 'readBusMux_FFT_N10_FFT_DW16_MODE_INPUT_STREAM0_MODE_RUN_FFT1_MODE_DMA2_MODE_DISABLE3', input port 'rdr_ram[18]' is connected directly to output port 'rdr_fft[18]'. (LINT-29)
Warning: In design 'readBusMux_FFT_N10_FFT_DW16_MODE_INPUT_STREAM0_MODE_RUN_FFT1_MODE_DMA2_MODE_DISABLE3', input port 'rdr_ram[17]' is connected directly to output port 'rdr_dma[17]'. (LINT-29)
Warning: In design 'readBusMux_FFT_N10_FFT_DW16_MODE_INPUT_STREAM0_MODE_RUN_FFT1_MODE_DMA2_MODE_DISABLE3', input port 'rdr_ram[17]' is connected directly to output port 'rdr_fft[17]'. (LINT-29)
Warning: In design 'readBusMux_FFT_N10_FFT_DW16_MODE_INPUT_STREAM0_MODE_RUN_FFT1_MODE_DMA2_MODE_DISABLE3', input port 'rdr_ram[16]' is connected directly to output port 'rdr_dma[16]'. (LINT-29)
Warning: In design 'readBusMux_FFT_N10_FFT_DW16_MODE_INPUT_STREAM0_MODE_RUN_FFT1_MODE_DMA2_MODE_DISABLE3', input port 'rdr_ram[16]' is connected directly to output port 'rdr_fft[16]'. (LINT-29)
Warning: In design 'readBusMux_FFT_N10_FFT_DW16_MODE_INPUT_STREAM0_MODE_RUN_FFT1_MODE_DMA2_MODE_DISABLE3', input port 'rdr_ram[15]' is connected directly to output port 'rdr_dma[15]'. (LINT-29)
Warning: In design 'readBusMux_FFT_N10_FFT_DW16_MODE_INPUT_STREAM0_MODE_RUN_FFT1_MODE_DMA2_MODE_DISABLE3', input port 'rdr_ram[15]' is connected directly to output port 'rdr_fft[15]'. (LINT-29)
Warning: In design 'readBusMux_FFT_N10_FFT_DW16_MODE_INPUT_STREAM0_MODE_RUN_FFT1_MODE_DMA2_MODE_DISABLE3', input port 'rdr_ram[14]' is connected directly to output port 'rdr_dma[14]'. (LINT-29)
Warning: In design 'readBusMux_FFT_N10_FFT_DW16_MODE_INPUT_STREAM0_MODE_RUN_FFT1_MODE_DMA2_MODE_DISABLE3', input port 'rdr_ram[14]' is connected directly to output port 'rdr_fft[14]'. (LINT-29)
Warning: In design 'readBusMux_FFT_N10_FFT_DW16_MODE_INPUT_STREAM0_MODE_RUN_FFT1_MODE_DMA2_MODE_DISABLE3', input port 'rdr_ram[13]' is connected directly to output port 'rdr_dma[13]'. (LINT-29)
Warning: In design 'readBusMux_FFT_N10_FFT_DW16_MODE_INPUT_STREAM0_MODE_RUN_FFT1_MODE_DMA2_MODE_DISABLE3', input port 'rdr_ram[13]' is connected directly to output port 'rdr_fft[13]'. (LINT-29)
Warning: In design 'readBusMux_FFT_N10_FFT_DW16_MODE_INPUT_STREAM0_MODE_RUN_FFT1_MODE_DMA2_MODE_DISABLE3', input port 'rdr_ram[12]' is connected directly to output port 'rdr_dma[12]'. (LINT-29)
Warning: In design 'readBusMux_FFT_N10_FFT_DW16_MODE_INPUT_STREAM0_MODE_RUN_FFT1_MODE_DMA2_MODE_DISABLE3', input port 'rdr_ram[12]' is connected directly to output port 'rdr_fft[12]'. (LINT-29)
Warning: In design 'readBusMux_FFT_N10_FFT_DW16_MODE_INPUT_STREAM0_MODE_RUN_FFT1_MODE_DMA2_MODE_DISABLE3', input port 'rdr_ram[11]' is connected directly to output port 'rdr_dma[11]'. (LINT-29)
Warning: In design 'readBusMux_FFT_N10_FFT_DW16_MODE_INPUT_STREAM0_MODE_RUN_FFT1_MODE_DMA2_MODE_DISABLE3', input port 'rdr_ram[11]' is connected directly to output port 'rdr_fft[11]'. (LINT-29)
Warning: In design 'readBusMux_FFT_N10_FFT_DW16_MODE_INPUT_STREAM0_MODE_RUN_FFT1_MODE_DMA2_MODE_DISABLE3', input port 'rdr_ram[10]' is connected directly to output port 'rdr_dma[10]'. (LINT-29)
Warning: In design 'readBusMux_FFT_N10_FFT_DW16_MODE_INPUT_STREAM0_MODE_RUN_FFT1_MODE_DMA2_MODE_DISABLE3', input port 'rdr_ram[10]' is connected directly to output port 'rdr_fft[10]'. (LINT-29)
Warning: In design 'readBusMux_FFT_N10_FFT_DW16_MODE_INPUT_STREAM0_MODE_RUN_FFT1_MODE_DMA2_MODE_DISABLE3', input port 'rdr_ram[9]' is connected directly to output port 'rdr_dma[9]'. (LINT-29)
Warning: In design 'readBusMux_FFT_N10_FFT_DW16_MODE_INPUT_STREAM0_MODE_RUN_FFT1_MODE_DMA2_MODE_DISABLE3', input port 'rdr_ram[9]' is connected directly to output port 'rdr_fft[9]'. (LINT-29)
Warning: In design 'readBusMux_FFT_N10_FFT_DW16_MODE_INPUT_STREAM0_MODE_RUN_FFT1_MODE_DMA2_MODE_DISABLE3', input port 'rdr_ram[8]' is connected directly to output port 'rdr_dma[8]'. (LINT-29)
Warning: In design 'readBusMux_FFT_N10_FFT_DW16_MODE_INPUT_STREAM0_MODE_RUN_FFT1_MODE_DMA2_MODE_DISABLE3', input port 'rdr_ram[8]' is connected directly to output port 'rdr_fft[8]'. (LINT-29)
Warning: In design 'readBusMux_FFT_N10_FFT_DW16_MODE_INPUT_STREAM0_MODE_RUN_FFT1_MODE_DMA2_MODE_DISABLE3', input port 'rdr_ram[7]' is connected directly to output port 'rdr_dma[7]'. (LINT-29)
Warning: In design 'readBusMux_FFT_N10_FFT_DW16_MODE_INPUT_STREAM0_MODE_RUN_FFT1_MODE_DMA2_MODE_DISABLE3', input port 'rdr_ram[7]' is connected directly to output port 'rdr_fft[7]'. (LINT-29)
Warning: In design 'readBusMux_FFT_N10_FFT_DW16_MODE_INPUT_STREAM0_MODE_RUN_FFT1_MODE_DMA2_MODE_DISABLE3', input port 'rdr_ram[6]' is connected directly to output port 'rdr_dma[6]'. (LINT-29)
Warning: In design 'readBusMux_FFT_N10_FFT_DW16_MODE_INPUT_STREAM0_MODE_RUN_FFT1_MODE_DMA2_MODE_DISABLE3', input port 'rdr_ram[6]' is connected directly to output port 'rdr_fft[6]'. (LINT-29)
Warning: In design 'readBusMux_FFT_N10_FFT_DW16_MODE_INPUT_STREAM0_MODE_RUN_FFT1_MODE_DMA2_MODE_DISABLE3', input port 'rdr_ram[5]' is connected directly to output port 'rdr_dma[5]'. (LINT-29)
Warning: In design 'readBusMux_FFT_N10_FFT_DW16_MODE_INPUT_STREAM0_MODE_RUN_FFT1_MODE_DMA2_MODE_DISABLE3', input port 'rdr_ram[5]' is connected directly to output port 'rdr_fft[5]'. (LINT-29)
Warning: In design 'readBusMux_FFT_N10_FFT_DW16_MODE_INPUT_STREAM0_MODE_RUN_FFT1_MODE_DMA2_MODE_DISABLE3', input port 'rdr_ram[4]' is connected directly to output port 'rdr_dma[4]'. (LINT-29)
Warning: In design 'readBusMux_FFT_N10_FFT_DW16_MODE_INPUT_STREAM0_MODE_RUN_FFT1_MODE_DMA2_MODE_DISABLE3', input port 'rdr_ram[4]' is connected directly to output port 'rdr_fft[4]'. (LINT-29)
Warning: In design 'readBusMux_FFT_N10_FFT_DW16_MODE_INPUT_STREAM0_MODE_RUN_FFT1_MODE_DMA2_MODE_DISABLE3', input port 'rdr_ram[3]' is connected directly to output port 'rdr_dma[3]'. (LINT-29)
Warning: In design 'readBusMux_FFT_N10_FFT_DW16_MODE_INPUT_STREAM0_MODE_RUN_FFT1_MODE_DMA2_MODE_DISABLE3', input port 'rdr_ram[3]' is connected directly to output port 'rdr_fft[3]'. (LINT-29)
Warning: In design 'readBusMux_FFT_N10_FFT_DW16_MODE_INPUT_STREAM0_MODE_RUN_FFT1_MODE_DMA2_MODE_DISABLE3', input port 'rdr_ram[2]' is connected directly to output port 'rdr_dma[2]'. (LINT-29)
Warning: In design 'readBusMux_FFT_N10_FFT_DW16_MODE_INPUT_STREAM0_MODE_RUN_FFT1_MODE_DMA2_MODE_DISABLE3', input port 'rdr_ram[2]' is connected directly to output port 'rdr_fft[2]'. (LINT-29)
Warning: In design 'readBusMux_FFT_N10_FFT_DW16_MODE_INPUT_STREAM0_MODE_RUN_FFT1_MODE_DMA2_MODE_DISABLE3', input port 'rdr_ram[1]' is connected directly to output port 'rdr_dma[1]'. (LINT-29)
Warning: In design 'readBusMux_FFT_N10_FFT_DW16_MODE_INPUT_STREAM0_MODE_RUN_FFT1_MODE_DMA2_MODE_DISABLE3', input port 'rdr_ram[1]' is connected directly to output port 'rdr_fft[1]'. (LINT-29)
Warning: In design 'readBusMux_FFT_N10_FFT_DW16_MODE_INPUT_STREAM0_MODE_RUN_FFT1_MODE_DMA2_MODE_DISABLE3', input port 'rdr_ram[0]' is connected directly to output port 'rdr_dma[0]'. (LINT-29)
Warning: In design 'readBusMux_FFT_N10_FFT_DW16_MODE_INPUT_STREAM0_MODE_RUN_FFT1_MODE_DMA2_MODE_DISABLE3', input port 'rdr_ram[0]' is connected directly to output port 'rdr_fft[0]'. (LINT-29)
Warning: In design 'R2FFT_FFT_LENGTH1024_FFT_DW16_PL_DEPTH3', output port 'done' is connected directly to output port 'status[2]'. (LINT-31)
Warning: In design 'bitReverseCounter_BIT_WIDTH10', output port 'iter[9]' is connected directly to output port 'count[0]'. (LINT-31)
Warning: In design 'bitReverseCounter_BIT_WIDTH10', output port 'iter[8]' is connected directly to output port 'count[1]'. (LINT-31)
Warning: In design 'bitReverseCounter_BIT_WIDTH10', output port 'iter[7]' is connected directly to output port 'count[2]'. (LINT-31)
Warning: In design 'bitReverseCounter_BIT_WIDTH10', output port 'iter[6]' is connected directly to output port 'count[3]'. (LINT-31)
Warning: In design 'bitReverseCounter_BIT_WIDTH10', output port 'iter[5]' is connected directly to output port 'count[4]'. (LINT-31)
Warning: In design 'bitReverseCounter_BIT_WIDTH10', output port 'iter[4]' is connected directly to output port 'count[5]'. (LINT-31)
Warning: In design 'bitReverseCounter_BIT_WIDTH10', output port 'iter[3]' is connected directly to output port 'count[6]'. (LINT-31)
Warning: In design 'bitReverseCounter_BIT_WIDTH10', output port 'iter[2]' is connected directly to output port 'count[7]'. (LINT-31)
Warning: In design 'bitReverseCounter_BIT_WIDTH10', output port 'iter[1]' is connected directly to output port 'count[8]'. (LINT-31)
Warning: In design 'bitReverseCounter_BIT_WIDTH10', output port 'iter[0]' is connected directly to output port 'count[9]'. (LINT-31)
Warning: In design 'butterflyUnit_FFT_N10_FFT_DW16_FFT_BFPDW5_PL_DEPTH3', output port 'ract_ram0' is connected directly to output port 'ract_ram1'. (LINT-31)
Warning: In design 'butterflyUnit_FFT_N10_FFT_DW16_FFT_BFPDW5_PL_DEPTH3', output port 'ra_ram0[8]' is connected directly to output port 'ra_ram1[8]'. (LINT-31)
Warning: In design 'butterflyUnit_FFT_N10_FFT_DW16_FFT_BFPDW5_PL_DEPTH3', output port 'ra_ram0[7]' is connected directly to output port 'ra_ram1[7]'. (LINT-31)
Warning: In design 'butterflyUnit_FFT_N10_FFT_DW16_FFT_BFPDW5_PL_DEPTH3', output port 'ra_ram0[6]' is connected directly to output port 'ra_ram1[6]'. (LINT-31)
Warning: In design 'butterflyUnit_FFT_N10_FFT_DW16_FFT_BFPDW5_PL_DEPTH3', output port 'ra_ram0[5]' is connected directly to output port 'ra_ram1[5]'. (LINT-31)
Warning: In design 'butterflyUnit_FFT_N10_FFT_DW16_FFT_BFPDW5_PL_DEPTH3', output port 'ra_ram0[4]' is connected directly to output port 'ra_ram1[4]'. (LINT-31)
Warning: In design 'butterflyUnit_FFT_N10_FFT_DW16_FFT_BFPDW5_PL_DEPTH3', output port 'ra_ram0[3]' is connected directly to output port 'ra_ram1[3]'. (LINT-31)
Warning: In design 'butterflyUnit_FFT_N10_FFT_DW16_FFT_BFPDW5_PL_DEPTH3', output port 'ra_ram0[2]' is connected directly to output port 'ra_ram1[2]'. (LINT-31)
Warning: In design 'butterflyUnit_FFT_N10_FFT_DW16_FFT_BFPDW5_PL_DEPTH3', output port 'ra_ram0[1]' is connected directly to output port 'ra_ram1[1]'. (LINT-31)
Warning: In design 'butterflyUnit_FFT_N10_FFT_DW16_FFT_BFPDW5_PL_DEPTH3', output port 'ra_ram0[0]' is connected directly to output port 'ra_ram1[0]'. (LINT-31)
Warning: In design 'readBusMux_FFT_N10_FFT_DW16_MODE_INPUT_STREAM0_MODE_RUN_FFT1_MODE_DMA2_MODE_DISABLE3', output port 'rdr_fft[31]' is connected directly to output port 'rdr_dma[31]'. (LINT-31)
Warning: In design 'readBusMux_FFT_N10_FFT_DW16_MODE_INPUT_STREAM0_MODE_RUN_FFT1_MODE_DMA2_MODE_DISABLE3', output port 'rdr_fft[30]' is connected directly to output port 'rdr_dma[30]'. (LINT-31)
Warning: In design 'readBusMux_FFT_N10_FFT_DW16_MODE_INPUT_STREAM0_MODE_RUN_FFT1_MODE_DMA2_MODE_DISABLE3', output port 'rdr_fft[29]' is connected directly to output port 'rdr_dma[29]'. (LINT-31)
Warning: In design 'readBusMux_FFT_N10_FFT_DW16_MODE_INPUT_STREAM0_MODE_RUN_FFT1_MODE_DMA2_MODE_DISABLE3', output port 'rdr_fft[28]' is connected directly to output port 'rdr_dma[28]'. (LINT-31)
Warning: In design 'readBusMux_FFT_N10_FFT_DW16_MODE_INPUT_STREAM0_MODE_RUN_FFT1_MODE_DMA2_MODE_DISABLE3', output port 'rdr_fft[27]' is connected directly to output port 'rdr_dma[27]'. (LINT-31)
Warning: In design 'readBusMux_FFT_N10_FFT_DW16_MODE_INPUT_STREAM0_MODE_RUN_FFT1_MODE_DMA2_MODE_DISABLE3', output port 'rdr_fft[26]' is connected directly to output port 'rdr_dma[26]'. (LINT-31)
Warning: In design 'readBusMux_FFT_N10_FFT_DW16_MODE_INPUT_STREAM0_MODE_RUN_FFT1_MODE_DMA2_MODE_DISABLE3', output port 'rdr_fft[25]' is connected directly to output port 'rdr_dma[25]'. (LINT-31)
Warning: In design 'readBusMux_FFT_N10_FFT_DW16_MODE_INPUT_STREAM0_MODE_RUN_FFT1_MODE_DMA2_MODE_DISABLE3', output port 'rdr_fft[24]' is connected directly to output port 'rdr_dma[24]'. (LINT-31)
Warning: In design 'readBusMux_FFT_N10_FFT_DW16_MODE_INPUT_STREAM0_MODE_RUN_FFT1_MODE_DMA2_MODE_DISABLE3', output port 'rdr_fft[23]' is connected directly to output port 'rdr_dma[23]'. (LINT-31)
Warning: In design 'readBusMux_FFT_N10_FFT_DW16_MODE_INPUT_STREAM0_MODE_RUN_FFT1_MODE_DMA2_MODE_DISABLE3', output port 'rdr_fft[22]' is connected directly to output port 'rdr_dma[22]'. (LINT-31)
Warning: In design 'readBusMux_FFT_N10_FFT_DW16_MODE_INPUT_STREAM0_MODE_RUN_FFT1_MODE_DMA2_MODE_DISABLE3', output port 'rdr_fft[21]' is connected directly to output port 'rdr_dma[21]'. (LINT-31)
Warning: In design 'readBusMux_FFT_N10_FFT_DW16_MODE_INPUT_STREAM0_MODE_RUN_FFT1_MODE_DMA2_MODE_DISABLE3', output port 'rdr_fft[20]' is connected directly to output port 'rdr_dma[20]'. (LINT-31)
Warning: In design 'readBusMux_FFT_N10_FFT_DW16_MODE_INPUT_STREAM0_MODE_RUN_FFT1_MODE_DMA2_MODE_DISABLE3', output port 'rdr_fft[19]' is connected directly to output port 'rdr_dma[19]'. (LINT-31)
Warning: In design 'readBusMux_FFT_N10_FFT_DW16_MODE_INPUT_STREAM0_MODE_RUN_FFT1_MODE_DMA2_MODE_DISABLE3', output port 'rdr_fft[18]' is connected directly to output port 'rdr_dma[18]'. (LINT-31)
Warning: In design 'readBusMux_FFT_N10_FFT_DW16_MODE_INPUT_STREAM0_MODE_RUN_FFT1_MODE_DMA2_MODE_DISABLE3', output port 'rdr_fft[17]' is connected directly to output port 'rdr_dma[17]'. (LINT-31)
Warning: In design 'readBusMux_FFT_N10_FFT_DW16_MODE_INPUT_STREAM0_MODE_RUN_FFT1_MODE_DMA2_MODE_DISABLE3', output port 'rdr_fft[16]' is connected directly to output port 'rdr_dma[16]'. (LINT-31)
Warning: In design 'readBusMux_FFT_N10_FFT_DW16_MODE_INPUT_STREAM0_MODE_RUN_FFT1_MODE_DMA2_MODE_DISABLE3', output port 'rdr_fft[15]' is connected directly to output port 'rdr_dma[15]'. (LINT-31)
Warning: In design 'readBusMux_FFT_N10_FFT_DW16_MODE_INPUT_STREAM0_MODE_RUN_FFT1_MODE_DMA2_MODE_DISABLE3', output port 'rdr_fft[14]' is connected directly to output port 'rdr_dma[14]'. (LINT-31)
Warning: In design 'readBusMux_FFT_N10_FFT_DW16_MODE_INPUT_STREAM0_MODE_RUN_FFT1_MODE_DMA2_MODE_DISABLE3', output port 'rdr_fft[13]' is connected directly to output port 'rdr_dma[13]'. (LINT-31)
Warning: In design 'readBusMux_FFT_N10_FFT_DW16_MODE_INPUT_STREAM0_MODE_RUN_FFT1_MODE_DMA2_MODE_DISABLE3', output port 'rdr_fft[12]' is connected directly to output port 'rdr_dma[12]'. (LINT-31)
Warning: In design 'readBusMux_FFT_N10_FFT_DW16_MODE_INPUT_STREAM0_MODE_RUN_FFT1_MODE_DMA2_MODE_DISABLE3', output port 'rdr_fft[11]' is connected directly to output port 'rdr_dma[11]'. (LINT-31)
Warning: In design 'readBusMux_FFT_N10_FFT_DW16_MODE_INPUT_STREAM0_MODE_RUN_FFT1_MODE_DMA2_MODE_DISABLE3', output port 'rdr_fft[10]' is connected directly to output port 'rdr_dma[10]'. (LINT-31)
Warning: In design 'readBusMux_FFT_N10_FFT_DW16_MODE_INPUT_STREAM0_MODE_RUN_FFT1_MODE_DMA2_MODE_DISABLE3', output port 'rdr_fft[9]' is connected directly to output port 'rdr_dma[9]'. (LINT-31)
Warning: In design 'readBusMux_FFT_N10_FFT_DW16_MODE_INPUT_STREAM0_MODE_RUN_FFT1_MODE_DMA2_MODE_DISABLE3', output port 'rdr_fft[8]' is connected directly to output port 'rdr_dma[8]'. (LINT-31)
Warning: In design 'readBusMux_FFT_N10_FFT_DW16_MODE_INPUT_STREAM0_MODE_RUN_FFT1_MODE_DMA2_MODE_DISABLE3', output port 'rdr_fft[7]' is connected directly to output port 'rdr_dma[7]'. (LINT-31)
Warning: In design 'readBusMux_FFT_N10_FFT_DW16_MODE_INPUT_STREAM0_MODE_RUN_FFT1_MODE_DMA2_MODE_DISABLE3', output port 'rdr_fft[6]' is connected directly to output port 'rdr_dma[6]'. (LINT-31)
Warning: In design 'readBusMux_FFT_N10_FFT_DW16_MODE_INPUT_STREAM0_MODE_RUN_FFT1_MODE_DMA2_MODE_DISABLE3', output port 'rdr_fft[5]' is connected directly to output port 'rdr_dma[5]'. (LINT-31)
Warning: In design 'readBusMux_FFT_N10_FFT_DW16_MODE_INPUT_STREAM0_MODE_RUN_FFT1_MODE_DMA2_MODE_DISABLE3', output port 'rdr_fft[4]' is connected directly to output port 'rdr_dma[4]'. (LINT-31)
Warning: In design 'readBusMux_FFT_N10_FFT_DW16_MODE_INPUT_STREAM0_MODE_RUN_FFT1_MODE_DMA2_MODE_DISABLE3', output port 'rdr_fft[3]' is connected directly to output port 'rdr_dma[3]'. (LINT-31)
Warning: In design 'readBusMux_FFT_N10_FFT_DW16_MODE_INPUT_STREAM0_MODE_RUN_FFT1_MODE_DMA2_MODE_DISABLE3', output port 'rdr_fft[2]' is connected directly to output port 'rdr_dma[2]'. (LINT-31)
Warning: In design 'readBusMux_FFT_N10_FFT_DW16_MODE_INPUT_STREAM0_MODE_RUN_FFT1_MODE_DMA2_MODE_DISABLE3', output port 'rdr_fft[1]' is connected directly to output port 'rdr_dma[1]'. (LINT-31)
Warning: In design 'readBusMux_FFT_N10_FFT_DW16_MODE_INPUT_STREAM0_MODE_RUN_FFT1_MODE_DMA2_MODE_DISABLE3', output port 'rdr_fft[0]' is connected directly to output port 'rdr_dma[0]'. (LINT-31)
Warning: In design 'R2FFT_FFT_LENGTH1024_FFT_DW16_PL_DEPTH3', a pin on submodule 'uistreamBitWidthDetector' is connected to logic 1 or logic 0. (LINT-32)
   Pin 'operand2[15]' is connected to logic 0. 
Warning: In design 'R2FFT_FFT_LENGTH1024_FFT_DW16_PL_DEPTH3', a pin on submodule 'uistreamBitWidthDetector' is connected to logic 1 or logic 0. (LINT-32)
   Pin 'operand2[14]' is connected to logic 0. 
Warning: In design 'R2FFT_FFT_LENGTH1024_FFT_DW16_PL_DEPTH3', a pin on submodule 'uistreamBitWidthDetector' is connected to logic 1 or logic 0. (LINT-32)
   Pin 'operand2[13]' is connected to logic 0. 
Warning: In design 'R2FFT_FFT_LENGTH1024_FFT_DW16_PL_DEPTH3', a pin on submodule 'uistreamBitWidthDetector' is connected to logic 1 or logic 0. (LINT-32)
   Pin 'operand2[12]' is connected to logic 0. 
Warning: In design 'R2FFT_FFT_LENGTH1024_FFT_DW16_PL_DEPTH3', a pin on submodule 'uistreamBitWidthDetector' is connected to logic 1 or logic 0. (LINT-32)
   Pin 'operand2[11]' is connected to logic 0. 
Warning: In design 'R2FFT_FFT_LENGTH1024_FFT_DW16_PL_DEPTH3', a pin on submodule 'uistreamBitWidthDetector' is connected to logic 1 or logic 0. (LINT-32)
   Pin 'operand2[10]' is connected to logic 0. 
Warning: In design 'R2FFT_FFT_LENGTH1024_FFT_DW16_PL_DEPTH3', a pin on submodule 'uistreamBitWidthDetector' is connected to logic 1 or logic 0. (LINT-32)
   Pin 'operand2[9]' is connected to logic 0. 
Warning: In design 'R2FFT_FFT_LENGTH1024_FFT_DW16_PL_DEPTH3', a pin on submodule 'uistreamBitWidthDetector' is connected to logic 1 or logic 0. (LINT-32)
   Pin 'operand2[8]' is connected to logic 0. 
Warning: In design 'R2FFT_FFT_LENGTH1024_FFT_DW16_PL_DEPTH3', a pin on submodule 'uistreamBitWidthDetector' is connected to logic 1 or logic 0. (LINT-32)
   Pin 'operand2[7]' is connected to logic 0. 
Warning: In design 'R2FFT_FFT_LENGTH1024_FFT_DW16_PL_DEPTH3', a pin on submodule 'uistreamBitWidthDetector' is connected to logic 1 or logic 0. (LINT-32)
   Pin 'operand2[6]' is connected to logic 0. 
Warning: In design 'R2FFT_FFT_LENGTH1024_FFT_DW16_PL_DEPTH3', a pin on submodule 'uistreamBitWidthDetector' is connected to logic 1 or logic 0. (LINT-32)
   Pin 'operand2[5]' is connected to logic 0. 
Warning: In design 'R2FFT_FFT_LENGTH1024_FFT_DW16_PL_DEPTH3', a pin on submodule 'uistreamBitWidthDetector' is connected to logic 1 or logic 0. (LINT-32)
   Pin 'operand2[4]' is connected to logic 0. 
Warning: In design 'R2FFT_FFT_LENGTH1024_FFT_DW16_PL_DEPTH3', a pin on submodule 'uistreamBitWidthDetector' is connected to logic 1 or logic 0. (LINT-32)
   Pin 'operand2[3]' is connected to logic 0. 
Warning: In design 'R2FFT_FFT_LENGTH1024_FFT_DW16_PL_DEPTH3', a pin on submodule 'uistreamBitWidthDetector' is connected to logic 1 or logic 0. (LINT-32)
   Pin 'operand2[2]' is connected to logic 0. 
Warning: In design 'R2FFT_FFT_LENGTH1024_FFT_DW16_PL_DEPTH3', a pin on submodule 'uistreamBitWidthDetector' is connected to logic 1 or logic 0. (LINT-32)
   Pin 'operand2[1]' is connected to logic 0. 
Warning: In design 'R2FFT_FFT_LENGTH1024_FFT_DW16_PL_DEPTH3', a pin on submodule 'uistreamBitWidthDetector' is connected to logic 1 or logic 0. (LINT-32)
   Pin 'operand2[0]' is connected to logic 0. 
Warning: In design 'R2FFT_FFT_LENGTH1024_FFT_DW16_PL_DEPTH3', a pin on submodule 'uistreamBitWidthDetector' is connected to logic 1 or logic 0. (LINT-32)
   Pin 'operand3[15]' is connected to logic 0. 
Warning: In design 'R2FFT_FFT_LENGTH1024_FFT_DW16_PL_DEPTH3', a pin on submodule 'uistreamBitWidthDetector' is connected to logic 1 or logic 0. (LINT-32)
   Pin 'operand3[14]' is connected to logic 0. 
Warning: In design 'R2FFT_FFT_LENGTH1024_FFT_DW16_PL_DEPTH3', a pin on submodule 'uistreamBitWidthDetector' is connected to logic 1 or logic 0. (LINT-32)
   Pin 'operand3[13]' is connected to logic 0. 
Warning: In design 'R2FFT_FFT_LENGTH1024_FFT_DW16_PL_DEPTH3', a pin on submodule 'uistreamBitWidthDetector' is connected to logic 1 or logic 0. (LINT-32)
   Pin 'operand3[12]' is connected to logic 0. 
Warning: In design 'R2FFT_FFT_LENGTH1024_FFT_DW16_PL_DEPTH3', a pin on submodule 'uistreamBitWidthDetector' is connected to logic 1 or logic 0. (LINT-32)
   Pin 'operand3[11]' is connected to logic 0. 
Warning: In design 'R2FFT_FFT_LENGTH1024_FFT_DW16_PL_DEPTH3', a pin on submodule 'uistreamBitWidthDetector' is connected to logic 1 or logic 0. (LINT-32)
   Pin 'operand3[10]' is connected to logic 0. 
Warning: In design 'R2FFT_FFT_LENGTH1024_FFT_DW16_PL_DEPTH3', a pin on submodule 'uistreamBitWidthDetector' is connected to logic 1 or logic 0. (LINT-32)
   Pin 'operand3[9]' is connected to logic 0. 
Warning: In design 'R2FFT_FFT_LENGTH1024_FFT_DW16_PL_DEPTH3', a pin on submodule 'uistreamBitWidthDetector' is connected to logic 1 or logic 0. (LINT-32)
   Pin 'operand3[8]' is connected to logic 0. 
Warning: In design 'R2FFT_FFT_LENGTH1024_FFT_DW16_PL_DEPTH3', a pin on submodule 'uistreamBitWidthDetector' is connected to logic 1 or logic 0. (LINT-32)
   Pin 'operand3[7]' is connected to logic 0. 
Warning: In design 'R2FFT_FFT_LENGTH1024_FFT_DW16_PL_DEPTH3', a pin on submodule 'uistreamBitWidthDetector' is connected to logic 1 or logic 0. (LINT-32)
   Pin 'operand3[6]' is connected to logic 0. 
Warning: In design 'R2FFT_FFT_LENGTH1024_FFT_DW16_PL_DEPTH3', a pin on submodule 'uistreamBitWidthDetector' is connected to logic 1 or logic 0. (LINT-32)
   Pin 'operand3[5]' is connected to logic 0. 
Warning: In design 'R2FFT_FFT_LENGTH1024_FFT_DW16_PL_DEPTH3', a pin on submodule 'uistreamBitWidthDetector' is connected to logic 1 or logic 0. (LINT-32)
   Pin 'operand3[4]' is connected to logic 0. 
Warning: In design 'R2FFT_FFT_LENGTH1024_FFT_DW16_PL_DEPTH3', a pin on submodule 'uistreamBitWidthDetector' is connected to logic 1 or logic 0. (LINT-32)
   Pin 'operand3[3]' is connected to logic 0. 
Warning: In design 'R2FFT_FFT_LENGTH1024_FFT_DW16_PL_DEPTH3', a pin on submodule 'uistreamBitWidthDetector' is connected to logic 1 or logic 0. (LINT-32)
   Pin 'operand3[2]' is connected to logic 0. 
Warning: In design 'R2FFT_FFT_LENGTH1024_FFT_DW16_PL_DEPTH3', a pin on submodule 'uistreamBitWidthDetector' is connected to logic 1 or logic 0. (LINT-32)
   Pin 'operand3[1]' is connected to logic 0. 
Warning: In design 'R2FFT_FFT_LENGTH1024_FFT_DW16_PL_DEPTH3', a pin on submodule 'uistreamBitWidthDetector' is connected to logic 1 or logic 0. (LINT-32)
   Pin 'operand3[0]' is connected to logic 0. 
Warning: In design 'R2FFT_FFT_LENGTH1024_FFT_DW16_PL_DEPTH3', the same net is connected to more than one pin on submodule 'uistreamBitWidthDetector'. (LINT-33)
   Net '*Logic0*' is connected to pins 'operand2[15]', 'operand2[14]'', 'operand2[13]', 'operand2[12]', 'operand2[11]', 'operand2[10]', 'operand2[9]', 'operand2[8]', 'operand2[7]', 'operand2[6]', 'operand2[5]', 'operand2[4]', 'operand2[3]', 'operand2[2]', 'operand2[1]', 'operand2[0]', 'operand3[15]', 'operand3[14]', 'operand3[13]', 'operand3[12]', 'operand3[11]', 'operand3[10]', 'operand3[9]', 'operand3[8]', 'operand3[7]', 'operand3[6]', 'operand3[5]', 'operand3[4]', 'operand3[3]', 'operand3[2]', 'operand3[1]', 'operand3[0]'.
Warning: In design 'r2fft_top', three-state bus 'wdw_ram1[0]' has non three-state driver 'uR2FFT/writeBusMuxOdd/C103/Z_0'. (LINT-34)
Warning: In design 'r2fft_top', three-state bus 'wdw_ram1[1]' has non three-state driver 'uR2FFT/writeBusMuxOdd/C103/Z_1'. (LINT-34)
Warning: In design 'r2fft_top', three-state bus 'wdw_ram1[2]' has non three-state driver 'uR2FFT/writeBusMuxOdd/C103/Z_2'. (LINT-34)
Warning: In design 'r2fft_top', three-state bus 'wdw_ram1[3]' has non three-state driver 'uR2FFT/writeBusMuxOdd/C103/Z_3'. (LINT-34)
Warning: In design 'r2fft_top', three-state bus 'wdw_ram1[4]' has non three-state driver 'uR2FFT/writeBusMuxOdd/C103/Z_4'. (LINT-34)
Warning: In design 'r2fft_top', three-state bus 'wdw_ram1[5]' has non three-state driver 'uR2FFT/writeBusMuxOdd/C103/Z_5'. (LINT-34)
Warning: In design 'r2fft_top', three-state bus 'wdw_ram1[6]' has non three-state driver 'uR2FFT/writeBusMuxOdd/C103/Z_6'. (LINT-34)
Warning: In design 'r2fft_top', three-state bus 'wdw_ram1[7]' has non three-state driver 'uR2FFT/writeBusMuxOdd/C103/Z_7'. (LINT-34)
Warning: In design 'r2fft_top', three-state bus 'wdw_ram1[8]' has non three-state driver 'uR2FFT/writeBusMuxOdd/C103/Z_8'. (LINT-34)
Warning: In design 'r2fft_top', three-state bus 'wdw_ram1[9]' has non three-state driver 'uR2FFT/writeBusMuxOdd/C103/Z_9'. (LINT-34)
Warning: In design 'r2fft_top', three-state bus 'wdw_ram1[10]' has non three-state driver 'uR2FFT/writeBusMuxOdd/C103/Z_10'. (LINT-34)
Warning: In design 'r2fft_top', three-state bus 'wdw_ram1[11]' has non three-state driver 'uR2FFT/writeBusMuxOdd/C103/Z_11'. (LINT-34)
Warning: In design 'r2fft_top', three-state bus 'wdw_ram1[12]' has non three-state driver 'uR2FFT/writeBusMuxOdd/C103/Z_12'. (LINT-34)
Warning: In design 'r2fft_top', three-state bus 'wdw_ram1[13]' has non three-state driver 'uR2FFT/writeBusMuxOdd/C103/Z_13'. (LINT-34)
Warning: In design 'r2fft_top', three-state bus 'wdw_ram1[14]' has non three-state driver 'uR2FFT/writeBusMuxOdd/C103/Z_14'. (LINT-34)
Warning: In design 'r2fft_top', three-state bus 'wdw_ram1[15]' has non three-state driver 'uR2FFT/writeBusMuxOdd/C103/Z_15'. (LINT-34)
Warning: In design 'r2fft_top', three-state bus 'wdw_ram1[16]' has non three-state driver 'uR2FFT/writeBusMuxOdd/C103/Z_16'. (LINT-34)
Warning: In design 'r2fft_top', three-state bus 'wdw_ram1[17]' has non three-state driver 'uR2FFT/writeBusMuxOdd/C103/Z_17'. (LINT-34)
Warning: In design 'r2fft_top', three-state bus 'wdw_ram1[18]' has non three-state driver 'uR2FFT/writeBusMuxOdd/C103/Z_18'. (LINT-34)
Warning: In design 'r2fft_top', three-state bus 'wdw_ram1[19]' has non three-state driver 'uR2FFT/writeBusMuxOdd/C103/Z_19'. (LINT-34)
Warning: In design 'r2fft_top', three-state bus 'wdw_ram1[20]' has non three-state driver 'uR2FFT/writeBusMuxOdd/C103/Z_20'. (LINT-34)
Warning: In design 'r2fft_top', three-state bus 'wdw_ram1[21]' has non three-state driver 'uR2FFT/writeBusMuxOdd/C103/Z_21'. (LINT-34)
Warning: In design 'r2fft_top', three-state bus 'wdw_ram1[22]' has non three-state driver 'uR2FFT/writeBusMuxOdd/C103/Z_22'. (LINT-34)
Warning: In design 'r2fft_top', three-state bus 'wdw_ram1[23]' has non three-state driver 'uR2FFT/writeBusMuxOdd/C103/Z_23'. (LINT-34)
Warning: In design 'r2fft_top', three-state bus 'wdw_ram1[24]' has non three-state driver 'uR2FFT/writeBusMuxOdd/C103/Z_24'. (LINT-34)
Warning: In design 'r2fft_top', three-state bus 'wdw_ram1[25]' has non three-state driver 'uR2FFT/writeBusMuxOdd/C103/Z_25'. (LINT-34)
Warning: In design 'r2fft_top', three-state bus 'wdw_ram1[26]' has non three-state driver 'uR2FFT/writeBusMuxOdd/C103/Z_26'. (LINT-34)
Warning: In design 'r2fft_top', three-state bus 'wdw_ram1[27]' has non three-state driver 'uR2FFT/writeBusMuxOdd/C103/Z_27'. (LINT-34)
Warning: In design 'r2fft_top', three-state bus 'wdw_ram1[28]' has non three-state driver 'uR2FFT/writeBusMuxOdd/C103/Z_28'. (LINT-34)
Warning: In design 'r2fft_top', three-state bus 'wdw_ram1[29]' has non three-state driver 'uR2FFT/writeBusMuxOdd/C103/Z_29'. (LINT-34)
Warning: In design 'r2fft_top', three-state bus 'wdw_ram1[30]' has non three-state driver 'uR2FFT/writeBusMuxOdd/C103/Z_30'. (LINT-34)
Warning: In design 'r2fft_top', three-state bus 'wdw_ram1[31]' has non three-state driver 'uR2FFT/writeBusMuxOdd/C103/Z_31'. (LINT-34)
Warning: In design 'r2fft_top', three-state bus 'wa_ram1[0]' has non three-state driver 'uR2FFT/writeBusMuxOdd/C102/Z_0'. (LINT-34)
Warning: In design 'r2fft_top', three-state bus 'wa_ram1[1]' has non three-state driver 'uR2FFT/writeBusMuxOdd/C102/Z_1'. (LINT-34)
Warning: In design 'r2fft_top', three-state bus 'wa_ram1[2]' has non three-state driver 'uR2FFT/writeBusMuxOdd/C102/Z_2'. (LINT-34)
Warning: In design 'r2fft_top', three-state bus 'wa_ram1[3]' has non three-state driver 'uR2FFT/writeBusMuxOdd/C102/Z_3'. (LINT-34)
Warning: In design 'r2fft_top', three-state bus 'wa_ram1[4]' has non three-state driver 'uR2FFT/writeBusMuxOdd/C102/Z_4'. (LINT-34)
Warning: In design 'r2fft_top', three-state bus 'wa_ram1[5]' has non three-state driver 'uR2FFT/writeBusMuxOdd/C102/Z_5'. (LINT-34)
Warning: In design 'r2fft_top', three-state bus 'wa_ram1[6]' has non three-state driver 'uR2FFT/writeBusMuxOdd/C102/Z_6'. (LINT-34)
Warning: In design 'r2fft_top', three-state bus 'wa_ram1[7]' has non three-state driver 'uR2FFT/writeBusMuxOdd/C102/Z_7'. (LINT-34)
Warning: In design 'r2fft_top', three-state bus 'wa_ram1[8]' has non three-state driver 'uR2FFT/writeBusMuxOdd/C102/Z_8'. (LINT-34)
Warning: In design 'r2fft_top', three-state bus 'wact_ram1' has non three-state driver 'uR2FFT/writeBusMuxOdd/C104/Z_0'. (LINT-34)
Warning: In design 'r2fft_top', three-state bus 'ra_ram1[0]' has non three-state driver 'uR2FFT/readBusMuxOdd/C33/Z_0'. (LINT-34)
Warning: In design 'r2fft_top', three-state bus 'ra_ram1[1]' has non three-state driver 'uR2FFT/readBusMuxOdd/C33/Z_1'. (LINT-34)
Warning: In design 'r2fft_top', three-state bus 'ra_ram1[2]' has non three-state driver 'uR2FFT/readBusMuxOdd/C33/Z_2'. (LINT-34)
Warning: In design 'r2fft_top', three-state bus 'ra_ram1[3]' has non three-state driver 'uR2FFT/readBusMuxOdd/C33/Z_3'. (LINT-34)
Warning: In design 'r2fft_top', three-state bus 'ra_ram1[4]' has non three-state driver 'uR2FFT/readBusMuxOdd/C33/Z_4'. (LINT-34)
Warning: In design 'r2fft_top', three-state bus 'ra_ram1[5]' has non three-state driver 'uR2FFT/readBusMuxOdd/C33/Z_5'. (LINT-34)
Warning: In design 'r2fft_top', three-state bus 'ra_ram1[6]' has non three-state driver 'uR2FFT/readBusMuxOdd/C33/Z_6'. (LINT-34)
Warning: In design 'r2fft_top', three-state bus 'ra_ram1[7]' has non three-state driver 'uR2FFT/readBusMuxOdd/C33/Z_7'. (LINT-34)
Warning: In design 'r2fft_top', three-state bus 'ra_ram1[8]' has non three-state driver 'uR2FFT/readBusMuxOdd/C33/Z_8'. (LINT-34)
Warning: In design 'r2fft_top', three-state bus 'ract_ram1' has non three-state driver 'uR2FFT/readBusMuxOdd/C32/Z_0'. (LINT-34)
Warning: In design 'r2fft_top', three-state bus 'wdw_ram0[0]' has non three-state driver 'uR2FFT/writeBusMuxEven/C103/Z_0'. (LINT-34)
Warning: In design 'r2fft_top', three-state bus 'wdw_ram0[1]' has non three-state driver 'uR2FFT/writeBusMuxEven/C103/Z_1'. (LINT-34)
Warning: In design 'r2fft_top', three-state bus 'wdw_ram0[2]' has non three-state driver 'uR2FFT/writeBusMuxEven/C103/Z_2'. (LINT-34)
Warning: In design 'r2fft_top', three-state bus 'wdw_ram0[3]' has non three-state driver 'uR2FFT/writeBusMuxEven/C103/Z_3'. (LINT-34)
Warning: In design 'r2fft_top', three-state bus 'wdw_ram0[4]' has non three-state driver 'uR2FFT/writeBusMuxEven/C103/Z_4'. (LINT-34)
Warning: In design 'r2fft_top', three-state bus 'wdw_ram0[5]' has non three-state driver 'uR2FFT/writeBusMuxEven/C103/Z_5'. (LINT-34)
Warning: In design 'r2fft_top', three-state bus 'wdw_ram0[6]' has non three-state driver 'uR2FFT/writeBusMuxEven/C103/Z_6'. (LINT-34)
Warning: In design 'r2fft_top', three-state bus 'wdw_ram0[7]' has non three-state driver 'uR2FFT/writeBusMuxEven/C103/Z_7'. (LINT-34)
Warning: In design 'r2fft_top', three-state bus 'wdw_ram0[8]' has non three-state driver 'uR2FFT/writeBusMuxEven/C103/Z_8'. (LINT-34)
Warning: In design 'r2fft_top', three-state bus 'wdw_ram0[9]' has non three-state driver 'uR2FFT/writeBusMuxEven/C103/Z_9'. (LINT-34)
Warning: In design 'r2fft_top', three-state bus 'wdw_ram0[10]' has non three-state driver 'uR2FFT/writeBusMuxEven/C103/Z_10'. (LINT-34)
Warning: In design 'r2fft_top', three-state bus 'wdw_ram0[11]' has non three-state driver 'uR2FFT/writeBusMuxEven/C103/Z_11'. (LINT-34)
Warning: In design 'r2fft_top', three-state bus 'wdw_ram0[12]' has non three-state driver 'uR2FFT/writeBusMuxEven/C103/Z_12'. (LINT-34)
Warning: In design 'r2fft_top', three-state bus 'wdw_ram0[13]' has non three-state driver 'uR2FFT/writeBusMuxEven/C103/Z_13'. (LINT-34)
Warning: In design 'r2fft_top', three-state bus 'wdw_ram0[14]' has non three-state driver 'uR2FFT/writeBusMuxEven/C103/Z_14'. (LINT-34)
Warning: In design 'r2fft_top', three-state bus 'wdw_ram0[15]' has non three-state driver 'uR2FFT/writeBusMuxEven/C103/Z_15'. (LINT-34)
Warning: In design 'r2fft_top', three-state bus 'wdw_ram0[16]' has non three-state driver 'uR2FFT/writeBusMuxEven/C103/Z_16'. (LINT-34)
Warning: In design 'r2fft_top', three-state bus 'wdw_ram0[17]' has non three-state driver 'uR2FFT/writeBusMuxEven/C103/Z_17'. (LINT-34)
Warning: In design 'r2fft_top', three-state bus 'wdw_ram0[18]' has non three-state driver 'uR2FFT/writeBusMuxEven/C103/Z_18'. (LINT-34)
Warning: In design 'r2fft_top', three-state bus 'wdw_ram0[19]' has non three-state driver 'uR2FFT/writeBusMuxEven/C103/Z_19'. (LINT-34)
Warning: In design 'r2fft_top', three-state bus 'wdw_ram0[20]' has non three-state driver 'uR2FFT/writeBusMuxEven/C103/Z_20'. (LINT-34)
Warning: In design 'r2fft_top', three-state bus 'wdw_ram0[21]' has non three-state driver 'uR2FFT/writeBusMuxEven/C103/Z_21'. (LINT-34)
Warning: In design 'r2fft_top', three-state bus 'wdw_ram0[22]' has non three-state driver 'uR2FFT/writeBusMuxEven/C103/Z_22'. (LINT-34)
Warning: In design 'r2fft_top', three-state bus 'wdw_ram0[23]' has non three-state driver 'uR2FFT/writeBusMuxEven/C103/Z_23'. (LINT-34)
Warning: In design 'r2fft_top', three-state bus 'wdw_ram0[24]' has non three-state driver 'uR2FFT/writeBusMuxEven/C103/Z_24'. (LINT-34)
Warning: In design 'r2fft_top', three-state bus 'wdw_ram0[25]' has non three-state driver 'uR2FFT/writeBusMuxEven/C103/Z_25'. (LINT-34)
Warning: In design 'r2fft_top', three-state bus 'wdw_ram0[26]' has non three-state driver 'uR2FFT/writeBusMuxEven/C103/Z_26'. (LINT-34)
Warning: In design 'r2fft_top', three-state bus 'wdw_ram0[27]' has non three-state driver 'uR2FFT/writeBusMuxEven/C103/Z_27'. (LINT-34)
Warning: In design 'r2fft_top', three-state bus 'wdw_ram0[28]' has non three-state driver 'uR2FFT/writeBusMuxEven/C103/Z_28'. (LINT-34)
Warning: In design 'r2fft_top', three-state bus 'wdw_ram0[29]' has non three-state driver 'uR2FFT/writeBusMuxEven/C103/Z_29'. (LINT-34)
Warning: In design 'r2fft_top', three-state bus 'wdw_ram0[30]' has non three-state driver 'uR2FFT/writeBusMuxEven/C103/Z_30'. (LINT-34)
Warning: In design 'r2fft_top', three-state bus 'wdw_ram0[31]' has non three-state driver 'uR2FFT/writeBusMuxEven/C103/Z_31'. (LINT-34)
Warning: In design 'r2fft_top', three-state bus 'wa_ram0[0]' has non three-state driver 'uR2FFT/writeBusMuxEven/C102/Z_0'. (LINT-34)
Warning: In design 'r2fft_top', three-state bus 'wa_ram0[1]' has non three-state driver 'uR2FFT/writeBusMuxEven/C102/Z_1'. (LINT-34)
Warning: In design 'r2fft_top', three-state bus 'wa_ram0[2]' has non three-state driver 'uR2FFT/writeBusMuxEven/C102/Z_2'. (LINT-34)
Warning: In design 'r2fft_top', three-state bus 'wa_ram0[3]' has non three-state driver 'uR2FFT/writeBusMuxEven/C102/Z_3'. (LINT-34)
Warning: In design 'r2fft_top', three-state bus 'wa_ram0[4]' has non three-state driver 'uR2FFT/writeBusMuxEven/C102/Z_4'. (LINT-34)
Warning: In design 'r2fft_top', three-state bus 'wa_ram0[5]' has non three-state driver 'uR2FFT/writeBusMuxEven/C102/Z_5'. (LINT-34)
Warning: In design 'r2fft_top', three-state bus 'wa_ram0[6]' has non three-state driver 'uR2FFT/writeBusMuxEven/C102/Z_6'. (LINT-34)
Warning: In design 'r2fft_top', three-state bus 'wa_ram0[7]' has non three-state driver 'uR2FFT/writeBusMuxEven/C102/Z_7'. (LINT-34)
Warning: In design 'r2fft_top', three-state bus 'wa_ram0[8]' has non three-state driver 'uR2FFT/writeBusMuxEven/C102/Z_8'. (LINT-34)
Warning: In design 'r2fft_top', three-state bus 'wact_ram0' has non three-state driver 'uR2FFT/writeBusMuxEven/C104/Z_0'. (LINT-34)
Warning: In design 'r2fft_top', three-state bus 'ra_ram0[0]' has non three-state driver 'uR2FFT/readBusMuxEven/C33/Z_0'. (LINT-34)
Warning: In design 'r2fft_top', three-state bus 'ra_ram0[1]' has non three-state driver 'uR2FFT/readBusMuxEven/C33/Z_1'. (LINT-34)
Warning: In design 'r2fft_top', three-state bus 'ra_ram0[2]' has non three-state driver 'uR2FFT/readBusMuxEven/C33/Z_2'. (LINT-34)
Warning: In design 'r2fft_top', three-state bus 'ra_ram0[3]' has non three-state driver 'uR2FFT/readBusMuxEven/C33/Z_3'. (LINT-34)
Warning: In design 'r2fft_top', three-state bus 'ra_ram0[4]' has non three-state driver 'uR2FFT/readBusMuxEven/C33/Z_4'. (LINT-34)
Warning: In design 'r2fft_top', three-state bus 'ra_ram0[5]' has non three-state driver 'uR2FFT/readBusMuxEven/C33/Z_5'. (LINT-34)
Warning: In design 'r2fft_top', three-state bus 'ra_ram0[6]' has non three-state driver 'uR2FFT/readBusMuxEven/C33/Z_6'. (LINT-34)
Warning: In design 'r2fft_top', three-state bus 'ra_ram0[7]' has non three-state driver 'uR2FFT/readBusMuxEven/C33/Z_7'. (LINT-34)
Warning: In design 'r2fft_top', three-state bus 'ra_ram0[8]' has non three-state driver 'uR2FFT/readBusMuxEven/C33/Z_8'. (LINT-34)
Warning: In design 'r2fft_top', three-state bus 'ract_ram0' has non three-state driver 'uR2FFT/readBusMuxEven/C32/Z_0'. (LINT-34)
Warning: In design 'r2fft_top', three-state bus 'uR2FFT/readBusMuxOdd/ract_fft' has non three-state driver 'uR2FFT/ufftAddressGenerator/C235/Z'. (LINT-34)
Warning: In design 'r2fft_top', three-state bus 'uR2FFT/twiddleFactorAddr[0]' has non three-state driver 'uR2FFT/ufftAddressGenerator/srl_60/Z_8'. (LINT-34)
Warning: In design 'r2fft_top', three-state bus 'uR2FFT/twiddleFactorAddr[1]' has non three-state driver 'uR2FFT/ufftAddressGenerator/srl_60/Z_7'. (LINT-34)
Warning: In design 'r2fft_top', three-state bus 'uR2FFT/twiddleFactorAddr[2]' has non three-state driver 'uR2FFT/ufftAddressGenerator/srl_60/Z_6'. (LINT-34)
Warning: In design 'r2fft_top', three-state bus 'uR2FFT/twiddleFactorAddr[3]' has non three-state driver 'uR2FFT/ufftAddressGenerator/srl_60/Z_5'. (LINT-34)
Warning: In design 'r2fft_top', three-state bus 'uR2FFT/twiddleFactorAddr[4]' has non three-state driver 'uR2FFT/ufftAddressGenerator/srl_60/Z_4'. (LINT-34)
Warning: In design 'r2fft_top', three-state bus 'uR2FFT/twiddleFactorAddr[5]' has non three-state driver 'uR2FFT/ufftAddressGenerator/srl_60/Z_3'. (LINT-34)
Warning: In design 'r2fft_top', three-state bus 'uR2FFT/twiddleFactorAddr[6]' has non three-state driver 'uR2FFT/ufftAddressGenerator/srl_60/Z_2'. (LINT-34)
Warning: In design 'r2fft_top', three-state bus 'uR2FFT/twiddleFactorAddr[7]' has non three-state driver 'uR2FFT/ufftAddressGenerator/srl_60/Z_1'. (LINT-34)
Warning: In design 'r2fft_top', three-state bus 'uR2FFT/twiddleFactorAddr[8]' has non three-state driver 'uR2FFT/ufftAddressGenerator/srl_60/Z_0'. (LINT-34)
Warning: In design 'r2fft_top', three-state bus 'uR2FFT/iEvenOdd' has non three-state driver 'uR2FFT/ufftAddressGenerator/runCount_reg[0]/Q'. (LINT-34)
1
